Test project /home/nnc/Fortran/fortran-compiler-tests/gfortran-bugs/build
      Start  1: gfortran-20240425-run
 1/73 Test  #1: gfortran-20240425-run ............***Failed    0.15 sec
      Start  2: gfortran-20231211-obj
 2/73 Test  #2: gfortran-20231211-obj ............***Failed    0.20 sec
      Start  3: gfortran-20230612-obj
 3/73 Test  #3: gfortran-20230612-obj ............***Failed    0.09 sec
      Start  4: gfortran-20230529-obj
 4/73 Test  #4: gfortran-20230529-obj ............***Failed    0.06 sec
      Start  5: gfortran-20230527-obj
 5/73 Test  #5: gfortran-20230527-obj ............***Failed    0.19 sec
      Start  6: gfortran-20230513-exe
 6/73 Test  #6: gfortran-20230513-exe ............***Failed    0.07 sec
      Start  7: gfortran-20230513-run
Failed test dependencies: gfortran-20230513-exe
 7/73 Test  #7: gfortran-20230513-run ............***Not Run   0.00 sec
      Start  8: gfortran-20220221-module-exe
 8/73 Test  #8: gfortran-20220221-module-exe .....***Failed    0.10 sec
      Start  9: gfortran-20211123-run
 9/73 Test  #9: gfortran-20211123-run ............***Failed    0.00 sec
      Start 10: gfortran-20210527-run
10/73 Test #10: gfortran-20210527-run ............   Passed    0.00 sec
      Start 11: gfortran-20201204-exe
11/73 Test #11: gfortran-20201204-exe ............   Passed    0.07 sec
      Start 12: gfortran-20201204-run
12/73 Test #12: gfortran-20201204-run ............***Failed    0.01 sec
      Start 13: gfortran-20200501-obj
13/73 Test #13: gfortran-20200501-obj ............***Failed    0.08 sec
      Start 14: gfortran-20200402-file1-exe
14/73 Test #14: gfortran-20200402-file1-exe ......***Failed    0.11 sec
      Start 15: gfortran-20190202-run
15/73 Test #15: gfortran-20190202-run ............   Passed    0.00 sec
      Start 16: gfortran-20180610-exe
16/73 Test #16: gfortran-20180610-exe ............   Passed    0.06 sec
      Start 17: gfortran-20180610-run
17/73 Test #17: gfortran-20180610-run ............***Failed    0.04 sec
      Start 18: gfortran-20180224-exe
18/73 Test #18: gfortran-20180224-exe ............   Passed    0.07 sec
      Start 19: gfortran-20180224-run
19/73 Test #19: gfortran-20180224-run ............   Passed    0.01 sec
      Start 20: gfortran-20180223a-exe
20/73 Test #20: gfortran-20180223a-exe ...........   Passed    0.07 sec
      Start 21: gfortran-20180223a-run
21/73 Test #21: gfortran-20180223a-run ...........   Passed    0.01 sec
      Start 22: gfortran-20180223b-exe
22/73 Test #22: gfortran-20180223b-exe ...........   Passed    0.06 sec
      Start 23: gfortran-20180223b-run
23/73 Test #23: gfortran-20180223b-run ...........   Passed    0.01 sec
      Start 24: gfortran-20180130e-exe
24/73 Test #24: gfortran-20180130e-exe ...........   Passed    0.06 sec
      Start 25: gfortran-20180130e-run
25/73 Test #25: gfortran-20180130e-run ...........***Failed    0.01 sec
      Start 26: gfortran-20180130d-obj
26/73 Test #26: gfortran-20180130d-obj ...........***Failed    0.08 sec
      Start 27: gfortran-20180130c-exe
27/73 Test #27: gfortran-20180130c-exe ...........***Failed    0.08 sec
      Start 28: gfortran-20180130c-run
Failed test dependencies: gfortran-20180130c-exe
28/73 Test #28: gfortran-20180130c-run ...........***Not Run   0.00 sec
      Start 29: gfortran-20180130b-obj
29/73 Test #29: gfortran-20180130b-obj ...........***Failed    0.06 sec
      Start 30: gfortran-20180130a-exe
30/73 Test #30: gfortran-20180130a-exe ...........   Passed    0.06 sec
      Start 31: gfortran-20180130a-run
31/73 Test #31: gfortran-20180130a-run ...........***Failed    0.01 sec
      Start 32: char-par-inquiry-exe
32/73 Test #32: char-par-inquiry-exe .............   Passed    0.07 sec
      Start 33: char-par-inquiry-run
33/73 Test #33: char-par-inquiry-run .............   Passed    0.01 sec
      Start 34: gfortran-20180129-exe
34/73 Test #34: gfortran-20180129-exe ............   Passed    0.06 sec
      Start 35: gfortran-20180129-run
35/73 Test #35: gfortran-20180129-run ............***Failed    0.01 sec
      Start 36: gfortran-20180128-obj
36/73 Test #36: gfortran-20180128-obj ............***Failed    0.06 sec
      Start 37: gfortran-20171124a-obj
37/73 Test #37: gfortran-20171124a-obj ...........   Passed    0.07 sec
      Start 38: gfortran-20171124b-obj
38/73 Test #38: gfortran-20171124b-obj ...........***Failed    0.07 sec
      Start 39: gfortran-20171124c-obj
39/73 Test #39: gfortran-20171124c-obj ...........   Passed    0.07 sec
      Start 40: gfortran-20171124d-obj
40/73 Test #40: gfortran-20171124d-obj ...........   Passed    0.07 sec
      Start 41: gfortran-20171124e-obj
41/73 Test #41: gfortran-20171124e-obj ...........   Passed    0.07 sec
      Start 42: gfortran-20171124f-obj
42/73 Test #42: gfortran-20171124f-obj ...........   Passed    0.07 sec
      Start 43: gfortran-20171122-run
43/73 Test #43: gfortran-20171122-run ............   Passed    0.00 sec
      Start 44: gfortran-20171122b-run
44/73 Test #44: gfortran-20171122b-run ...........   Passed    0.00 sec
      Start 45: gfortran-20171115-obj
45/73 Test #45: gfortran-20171115-obj ............   Passed    0.07 sec
      Start 46: gfortran-20171114a-run
46/73 Test #46: gfortran-20171114a-run ...........   Passed    0.01 sec
      Start 47: gfortran-20171114b-exe
47/73 Test #47: gfortran-20171114b-exe ...........   Passed    0.07 sec
      Start 48: gfortran-20171114b-run
48/73 Test #48: gfortran-20171114b-run ...........   Passed    0.02 sec
      Start 49: gfortran-20171114c-exe
49/73 Test #49: gfortran-20171114c-exe ...........   Passed    0.07 sec
      Start 50: gfortran-20171114c-run
50/73 Test #50: gfortran-20171114c-run ...........   Passed    0.02 sec
      Start 51: gfortran-20170812a-run
51/73 Test #51: gfortran-20170812a-run ...........   Passed    0.00 sec
      Start 52: gfortran-20170812b-exe
52/73 Test #52: gfortran-20170812b-exe ...........   Passed    0.06 sec
      Start 53: gfortran-20170812b-run
53/73 Test #53: gfortran-20170812b-run ...........   Passed    0.01 sec
      Start 54: gfortran-20170112a-obj
54/73 Test #54: gfortran-20170112a-obj ...........   Passed    0.07 sec
      Start 55: gfortran-20170112b-run
55/73 Test #55: gfortran-20170112b-run ...........   Passed    0.00 sec
      Start 56: gfortran-20160821-obj
56/73 Test #56: gfortran-20160821-obj ............   Passed    0.07 sec
      Start 57: gfortran-20160321-run
57/73 Test #57: gfortran-20160321-run ............   Passed    0.00 sec
      Start 58: gfortran-20160320-run
58/73 Test #58: gfortran-20160320-run ............   Passed    0.00 sec
      Start 59: gfortran-20160319a-obj
59/73 Test #59: gfortran-20160319a-obj ...........   Passed    0.07 sec
      Start 60: gfortran-20160319b-obj
60/73 Test #60: gfortran-20160319b-obj ...........   Passed    0.07 sec
      Start 61: gfortran-20160129-obj
61/73 Test #61: gfortran-20160129-obj ............***Failed    0.09 sec
      Start 62: gfortran-20151108-obj
62/73 Test #62: gfortran-20151108-obj ............   Passed    0.11 sec
      Start 63: gfortran-20151102a-run
63/73 Test #63: gfortran-20151102a-run ...........   Passed    0.00 sec
      Start 64: gfortran-20151102b-run
64/73 Test #64: gfortran-20151102b-run ...........   Passed    0.00 sec
      Start 65: gfortran-20151101-obj
65/73 Test #65: gfortran-20151101-obj ............   Passed    0.11 sec
      Start 66: gfortran-20150913-run
66/73 Test #66: gfortran-20150913-run ............   Passed    0.00 sec
      Start 67: gfortran-20150912a-run
67/73 Test #67: gfortran-20150912a-run ...........   Passed    0.00 sec
      Start 68: gfortran-20120411-obj
68/73 Test #68: gfortran-20120411-obj ............   Passed    0.10 sec
      Start 69: gfortran-20110616-obj
69/73 Test #69: gfortran-20110616-obj ............***Failed    0.22 sec
      Start 70: gfortran-20110528-obj
70/73 Test #70: gfortran-20110528-obj ............***Failed    0.22 sec
      Start 71: gfortran-20100925-obj
71/73 Test #71: gfortran-20100925-obj ............   Passed    0.11 sec
      Start 72: gfortran-20100924-obj
72/73 Test #72: gfortran-20100924-obj ............   Passed    0.11 sec
      Start 73: gfortran-20181114-run
73/73 Test #73: gfortran-20181114-run ............***Failed    0.04 sec

64% tests passed, 26 tests failed out of 73

Label Time Summary:
PR100815        =   0.00 sec*proc (1 test)
PR103394        =   0.00 sec*proc (1 test)
PR104630        =   0.10 sec*proc (1 test)
PR109846        =   0.07 sec*proc (2 tests)
PR110012        =   0.19 sec*proc (1 test)
PR110033        =   0.06 sec*proc (1 test)
PR110224        =   0.09 sec*proc (1 test)
PR112964        =   0.20 sec*proc (1 test)
PR40196         =   0.07 sec*proc (2 tests)
PR45786         =   0.11 sec*proc (1 test)
PR45794         =   0.11 sec*proc (1 test)
PR49213         =   0.51 sec*proc (3 tests)
PR52864         =   0.10 sec*proc (1 test)
PR54070         =   0.00 sec*proc (2 tests)
PR66577         =   0.11 sec*proc (1 test)
PR67560         =   0.00 sec*proc (1 test)
PR67564         =   0.00 sec*proc (2 tests)
PR68174         =   0.11 sec*proc (1 test)
PR69563         =   0.09 sec*proc (1 test)
PR70312         =   0.14 sec*proc (2 tests)
PR77310         =   0.07 sec*proc (1 test)
PR79072         =   0.15 sec*proc (5 tests)
PR79929         =   0.07 sec*proc (1 test)
PR82996         =   0.19 sec*proc (5 tests)
PR83012         =   0.07 sec*proc (1 test)
PR83118         =   0.00 sec*proc (2 tests)
PR83146         =   0.07 sec*proc (1 test)
PR83148         =   0.07 sec*proc (1 test)
PR83149         =   0.14 sec*proc (2 tests)
PR84093         =   0.13 sec*proc (3 tests)
PR84119         =   0.07 sec*proc (2 tests)
PR84120         =   0.13 sec*proc (3 tests)
PR84122         =   0.08 sec*proc (1 test)
PR84143         =   0.07 sec*proc (2 tests)
PR84539         =   0.15 sec*proc (4 tests)
PR84546         =   0.08 sec*proc (2 tests)
PR86100         =   0.10 sec*proc (2 tests)
PR88043         =   0.04 sec*proc (1 test)
PR89174         =   0.00 sec*proc (1 test)
PR93762         =   0.08 sec*proc (2 tests)
PR94463         =   0.11 sec*proc (1 test)
PR94909         =   0.08 sec*proc (1 test)
gfortran-bug    =   4.18 sec*proc (73 tests)

Total Test time (real) =   4.22 sec

The following tests FAILED:
	  1 - gfortran-20240425-run (Failed)
	  2 - gfortran-20231211-obj (Failed)
	  3 - gfortran-20230612-obj (Failed)
	  4 - gfortran-20230529-obj (Failed)
	  5 - gfortran-20230527-obj (Failed)
	  6 - gfortran-20230513-exe (Failed)
	  7 - gfortran-20230513-run (Not Run)
	  8 - gfortran-20220221-module-exe (Failed)
	  9 - gfortran-20211123-run (Failed)
	 12 - gfortran-20201204-run (Failed)
	 13 - gfortran-20200501-obj (Failed)
	 14 - gfortran-20200402-file1-exe (Failed)
	 17 - gfortran-20180610-run (Failed)
	 25 - gfortran-20180130e-run (Failed)
	 26 - gfortran-20180130d-obj (Failed)
	 27 - gfortran-20180130c-exe (Failed)
	 28 - gfortran-20180130c-run (Not Run)
	 29 - gfortran-20180130b-obj (Failed)
	 31 - gfortran-20180130a-run (Failed)
	 35 - gfortran-20180129-run (Failed)
	 36 - gfortran-20180128-obj (Failed)
	 38 - gfortran-20171124b-obj (Failed)
	 61 - gfortran-20160129-obj (Failed)
	 69 - gfortran-20110616-obj (Failed)
	 70 - gfortran-20110528-obj (Failed)
	 73 - gfortran-20181114-run (Failed)
