Test project /home/nnc/Fortran/fortran-compiler-tests/gfortran-bugs/build
      Start  1: gfortran-20201204-exe
 1/63 Test  #1: gfortran-20201204-exe ............   Passed    0.13 sec
      Start  2: gfortran-20201204-run
 2/63 Test  #2: gfortran-20201204-run ............***Failed    0.01 sec
      Start  3: gfortran-20200501-obj
 3/63 Test  #3: gfortran-20200501-obj ............***Failed    0.07 sec
      Start  4: gfortran-20200402-file1-exe
 4/63 Test  #4: gfortran-20200402-file1-exe ......***Failed    0.17 sec
      Start  5: gfortran-20190202-run
 5/63 Test  #5: gfortran-20190202-run ............   Passed    0.00 sec
      Start  6: gfortran-20180610-exe
 6/63 Test  #6: gfortran-20180610-exe ............   Passed    0.15 sec
      Start  7: gfortran-20180610-run
 7/63 Test  #7: gfortran-20180610-run ............***Failed    0.02 sec
      Start  8: gfortran-20180224-exe
 8/63 Test  #8: gfortran-20180224-exe ............   Passed    0.17 sec
      Start  9: gfortran-20180224-run
 9/63 Test  #9: gfortran-20180224-run ............   Passed    0.01 sec
      Start 10: gfortran-20180223a-exe
10/63 Test #10: gfortran-20180223a-exe ...........   Passed    0.13 sec
      Start 11: gfortran-20180223a-run
11/63 Test #11: gfortran-20180223a-run ...........   Passed    0.01 sec
      Start 12: gfortran-20180223b-exe
12/63 Test #12: gfortran-20180223b-exe ...........   Passed    0.13 sec
      Start 13: gfortran-20180223b-run
13/63 Test #13: gfortran-20180223b-run ...........   Passed    0.01 sec
      Start 14: gfortran-20180130e-exe
14/63 Test #14: gfortran-20180130e-exe ...........   Passed    0.13 sec
      Start 15: gfortran-20180130e-run
15/63 Test #15: gfortran-20180130e-run ...........***Failed    0.01 sec
      Start 16: gfortran-20180130d-obj
16/63 Test #16: gfortran-20180130d-obj ...........***Failed    0.07 sec
      Start 17: gfortran-20180130c-exe
17/63 Test #17: gfortran-20180130c-exe ...........***Failed    0.08 sec
      Start 18: gfortran-20180130c-run
Failed test dependencies: gfortran-20180130c-exe
18/63 Test #18: gfortran-20180130c-run ...........***Not Run   0.00 sec
      Start 19: gfortran-20180130b-obj
19/63 Test #19: gfortran-20180130b-obj ...........***Failed    0.08 sec
      Start 20: gfortran-20180130a-exe
20/63 Test #20: gfortran-20180130a-exe ...........   Passed    0.12 sec
      Start 21: gfortran-20180130a-run
21/63 Test #21: gfortran-20180130a-run ...........***Failed    0.01 sec
      Start 22: char-par-inquiry-exe
22/63 Test #22: char-par-inquiry-exe .............   Passed    0.12 sec
      Start 23: char-par-inquiry-run
23/63 Test #23: char-par-inquiry-run .............   Passed    0.01 sec
      Start 24: gfortran-20180129-exe
24/63 Test #24: gfortran-20180129-exe ............   Passed    0.14 sec
      Start 25: gfortran-20180129-run
25/63 Test #25: gfortran-20180129-run ............***Failed    0.01 sec
      Start 26: gfortran-20180128-obj
26/63 Test #26: gfortran-20180128-obj ............***Failed    0.09 sec
      Start 27: gfortran-20171124a-obj
27/63 Test #27: gfortran-20171124a-obj ...........   Passed    0.09 sec
      Start 28: gfortran-20171124b-obj
28/63 Test #28: gfortran-20171124b-obj ...........***Failed    0.07 sec
      Start 29: gfortran-20171124c-obj
29/63 Test #29: gfortran-20171124c-obj ...........   Passed    0.11 sec
      Start 30: gfortran-20171124d-obj
30/63 Test #30: gfortran-20171124d-obj ...........   Passed    0.10 sec
      Start 31: gfortran-20171124e-obj
31/63 Test #31: gfortran-20171124e-obj ...........   Passed    0.13 sec
      Start 32: gfortran-20171124f-obj
32/63 Test #32: gfortran-20171124f-obj ...........   Passed    0.14 sec
      Start 33: gfortran-20171122-run
33/63 Test #33: gfortran-20171122-run ............   Passed    0.00 sec
      Start 34: gfortran-20171122b-run
34/63 Test #34: gfortran-20171122b-run ...........   Passed    0.00 sec
      Start 35: gfortran-20171115-obj
35/63 Test #35: gfortran-20171115-obj ............   Passed    0.10 sec
      Start 36: gfortran-20171114a-run
36/63 Test #36: gfortran-20171114a-run ...........   Passed    0.02 sec
      Start 37: gfortran-20171114b-exe
37/63 Test #37: gfortran-20171114b-exe ...........   Passed    0.21 sec
      Start 38: gfortran-20171114b-run
38/63 Test #38: gfortran-20171114b-run ...........   Passed    0.02 sec
      Start 39: gfortran-20171114c-exe
39/63 Test #39: gfortran-20171114c-exe ...........   Passed    0.22 sec
      Start 40: gfortran-20171114c-run
40/63 Test #40: gfortran-20171114c-run ...........   Passed    0.02 sec
      Start 41: gfortran-20170812a-run
41/63 Test #41: gfortran-20170812a-run ...........   Passed    0.00 sec
      Start 42: gfortran-20170812b-exe
42/63 Test #42: gfortran-20170812b-exe ...........   Passed    0.14 sec
      Start 43: gfortran-20170812b-run
43/63 Test #43: gfortran-20170812b-run ...........   Passed    0.01 sec
      Start 44: gfortran-20170112a-obj
44/63 Test #44: gfortran-20170112a-obj ...........   Passed    0.10 sec
      Start 45: gfortran-20170112b-run
45/63 Test #45: gfortran-20170112b-run ...........   Passed    0.00 sec
      Start 46: gfortran-20160821-obj
46/63 Test #46: gfortran-20160821-obj ............   Passed    0.09 sec
      Start 47: gfortran-20160321-run
47/63 Test #47: gfortran-20160321-run ............   Passed    0.00 sec
      Start 48: gfortran-20160320-run
48/63 Test #48: gfortran-20160320-run ............   Passed    0.00 sec
      Start 49: gfortran-20160319a-obj
49/63 Test #49: gfortran-20160319a-obj ...........   Passed    0.11 sec
      Start 50: gfortran-20160319b-obj
50/63 Test #50: gfortran-20160319b-obj ...........   Passed    0.10 sec
      Start 51: gfortran-20160129-obj
51/63 Test #51: gfortran-20160129-obj ............***Failed    0.07 sec
      Start 52: gfortran-20151108-obj
52/63 Test #52: gfortran-20151108-obj ............   Passed    0.11 sec
      Start 53: gfortran-20151102a-run
53/63 Test #53: gfortran-20151102a-run ...........   Passed    0.00 sec
      Start 54: gfortran-20151102b-run
54/63 Test #54: gfortran-20151102b-run ...........   Passed    0.00 sec
      Start 55: gfortran-20151101-obj
55/63 Test #55: gfortran-20151101-obj ............   Passed    0.11 sec
      Start 56: gfortran-20150913-run
56/63 Test #56: gfortran-20150913-run ............   Passed    0.00 sec
      Start 57: gfortran-20150912a-run
57/63 Test #57: gfortran-20150912a-run ...........   Passed    0.00 sec
      Start 58: gfortran-20120411-obj
58/63 Test #58: gfortran-20120411-obj ............   Passed    0.11 sec
      Start 59: gfortran-20110616-obj
59/63 Test #59: gfortran-20110616-obj ............***Failed    0.07 sec
      Start 60: gfortran-20110528-obj
60/63 Test #60: gfortran-20110528-obj ............***Failed    0.07 sec
      Start 61: gfortran-20100925-obj
61/63 Test #61: gfortran-20100925-obj ............   Passed    0.09 sec
      Start 62: gfortran-20100924-obj
62/63 Test #62: gfortran-20100924-obj ............   Passed    0.11 sec
      Start 63: gfortran-20181114-run
63/63 Test #63: gfortran-20181114-run ............***Failed    0.02 sec

73% tests passed, 17 tests failed out of 63

Label Time Summary:
PR40196         =   0.13 sec*proc (2 tests)
PR45786         =   0.11 sec*proc (1 test)
PR45794         =   0.09 sec*proc (1 test)
PR49213         =   0.21 sec*proc (3 tests)
PR52864         =   0.11 sec*proc (1 test)
PR54070         =   0.00 sec*proc (2 tests)
PR66577         =   0.11 sec*proc (1 test)
PR67560         =   0.00 sec*proc (1 test)
PR67564         =   0.00 sec*proc (2 tests)
PR68174         =   0.11 sec*proc (1 test)
PR69563         =   0.07 sec*proc (1 test)
PR70312         =   0.20 sec*proc (2 tests)
PR77310         =   0.09 sec*proc (1 test)
PR79072         =   0.25 sec*proc (5 tests)
PR79929         =   0.10 sec*proc (1 test)
PR82996         =   0.49 sec*proc (5 tests)
PR83012         =   0.10 sec*proc (1 test)
PR83118         =   0.00 sec*proc (2 tests)
PR83146         =   0.09 sec*proc (1 test)
PR83148         =   0.11 sec*proc (1 test)
PR83149         =   0.26 sec*proc (2 tests)
PR84093         =   0.23 sec*proc (3 tests)
PR84119         =   0.13 sec*proc (2 tests)
PR84120         =   0.16 sec*proc (3 tests)
PR84122         =   0.07 sec*proc (1 test)
PR84143         =   0.14 sec*proc (2 tests)
PR84539         =   0.28 sec*proc (4 tests)
PR84546         =   0.17 sec*proc (2 tests)
PR86100         =   0.17 sec*proc (2 tests)
PR88043         =   0.02 sec*proc (1 test)
PR89174         =   0.00 sec*proc (1 test)
PR93762         =   0.14 sec*proc (2 tests)
PR94463         =   0.17 sec*proc (1 test)
PR94909         =   0.07 sec*proc (1 test)
gfortran-bug    =   4.42 sec*proc (63 tests)

Total Test time (real) =   4.44 sec

The following tests FAILED:
	  2 - gfortran-20201204-run (Failed)
	  3 - gfortran-20200501-obj (Failed)
	  4 - gfortran-20200402-file1-exe (Failed)
	  7 - gfortran-20180610-run (Failed)
	 15 - gfortran-20180130e-run (Failed)
	 16 - gfortran-20180130d-obj (Failed)
	 17 - gfortran-20180130c-exe (Failed)
	 18 - gfortran-20180130c-run (Not Run)
	 19 - gfortran-20180130b-obj (Failed)
	 21 - gfortran-20180130a-run (Failed)
	 25 - gfortran-20180129-run (Failed)
	 26 - gfortran-20180128-obj (Failed)
	 28 - gfortran-20171124b-obj (Failed)
	 51 - gfortran-20160129-obj (Failed)
	 59 - gfortran-20110616-obj (Failed)
	 60 - gfortran-20110528-obj (Failed)
	 63 - gfortran-20181114-run (Failed)
