Test project /home/nnc/Fortran/fortran-compiler-tests/gfortran-bugs/build
      Start  1: gfortran-20250605-run
 1/77 Test  #1: gfortran-20250605-run ............***Failed    0.00 sec
      Start  2: gfortran-20250428-run
 2/77 Test  #2: gfortran-20250428-run ............***Failed    0.00 sec
      Start  3: gfortran-20250401-obj
 3/77 Test  #3: gfortran-20250401-obj ............***Failed    0.06 sec
      Start  4: gfortran-20241125-obj
 4/77 Test  #4: gfortran-20241125-obj ............   Passed    0.09 sec
      Start  5: gfortran-20240425-run
 5/77 Test  #5: gfortran-20240425-run ............   Passed    0.01 sec
      Start  6: gfortran-20231211-obj
 6/77 Test  #6: gfortran-20231211-obj ............***Failed    0.27 sec
      Start  7: gfortran-20230612-obj
 7/77 Test  #7: gfortran-20230612-obj ............   Passed    0.08 sec
      Start  8: gfortran-20230529-obj
 8/77 Test  #8: gfortran-20230529-obj ............***Failed    0.05 sec
      Start  9: gfortran-20230527-obj
 9/77 Test  #9: gfortran-20230527-obj ............***Failed    0.15 sec
      Start 10: gfortran-20230513-exe
10/77 Test #10: gfortran-20230513-exe ............   Passed    0.11 sec
      Start 11: gfortran-20230513-run
11/77 Test #11: gfortran-20230513-run ............   Passed    0.01 sec
      Start 12: gfortran-20220221-module-exe
12/77 Test #12: gfortran-20220221-module-exe .....***Failed    0.15 sec
      Start 13: gfortran-20211123-run
13/77 Test #13: gfortran-20211123-run ............***Failed    0.00 sec
      Start 14: gfortran-20210527-run
14/77 Test #14: gfortran-20210527-run ............   Passed    0.00 sec
      Start 15: gfortran-20201204-exe
15/77 Test #15: gfortran-20201204-exe ............   Passed    0.10 sec
      Start 16: gfortran-20201204-run
16/77 Test #16: gfortran-20201204-run ............   Passed    0.01 sec
      Start 17: gfortran-20200501-obj
17/77 Test #17: gfortran-20200501-obj ............***Failed    0.05 sec
      Start 18: gfortran-20200402-file1-exe
18/77 Test #18: gfortran-20200402-file1-exe ......***Failed    0.13 sec
      Start 19: gfortran-20190202-run
19/77 Test #19: gfortran-20190202-run ............   Passed    0.00 sec
      Start 20: gfortran-20180610-exe
20/77 Test #20: gfortran-20180610-exe ............   Passed    0.11 sec
      Start 21: gfortran-20180610-run
21/77 Test #21: gfortran-20180610-run ............   Passed    0.01 sec
      Start 22: gfortran-20180224-exe
22/77 Test #22: gfortran-20180224-exe ............   Passed    0.12 sec
      Start 23: gfortran-20180224-run
23/77 Test #23: gfortran-20180224-run ............   Passed    0.01 sec
      Start 24: gfortran-20180223a-exe
24/77 Test #24: gfortran-20180223a-exe ...........   Passed    0.10 sec
      Start 25: gfortran-20180223a-run
25/77 Test #25: gfortran-20180223a-run ...........   Passed    0.01 sec
      Start 26: gfortran-20180223b-exe
26/77 Test #26: gfortran-20180223b-exe ...........   Passed    0.10 sec
      Start 27: gfortran-20180223b-run
27/77 Test #27: gfortran-20180223b-run ...........   Passed    0.01 sec
      Start 28: gfortran-20180130e-exe
28/77 Test #28: gfortran-20180130e-exe ...........   Passed    0.10 sec
      Start 29: gfortran-20180130e-run
29/77 Test #29: gfortran-20180130e-run ...........***Failed    0.01 sec
      Start 30: gfortran-20180130d-obj
30/77 Test #30: gfortran-20180130d-obj ...........***Failed    0.05 sec
      Start 31: gfortran-20180130c-exe
31/77 Test #31: gfortran-20180130c-exe ...........***Failed    0.05 sec
      Start 32: gfortran-20180130c-run
Failed test dependencies: gfortran-20180130c-exe
32/77 Test #32: gfortran-20180130c-run ...........***Not Run   0.00 sec
      Start 33: gfortran-20180130b-obj
33/77 Test #33: gfortran-20180130b-obj ...........***Failed    0.07 sec
      Start 34: gfortran-20180130a-exe
34/77 Test #34: gfortran-20180130a-exe ...........   Passed    0.10 sec
      Start 35: gfortran-20180130a-run
35/77 Test #35: gfortran-20180130a-run ...........***Failed    0.01 sec
      Start 36: char-par-inquiry-exe
36/77 Test #36: char-par-inquiry-exe .............   Passed    0.10 sec
      Start 37: char-par-inquiry-run
37/77 Test #37: char-par-inquiry-run .............   Passed    0.01 sec
      Start 38: gfortran-20180129-exe
38/77 Test #38: gfortran-20180129-exe ............   Passed    0.10 sec
      Start 39: gfortran-20180129-run
39/77 Test #39: gfortran-20180129-run ............***Failed    0.01 sec
      Start 40: gfortran-20180128-obj
40/77 Test #40: gfortran-20180128-obj ............***Failed    0.07 sec
      Start 41: gfortran-20171124a-obj
41/77 Test #41: gfortran-20171124a-obj ...........   Passed    0.07 sec
      Start 42: gfortran-20171124b-obj
42/77 Test #42: gfortran-20171124b-obj ...........   Passed    0.07 sec
      Start 43: gfortran-20171124c-obj
43/77 Test #43: gfortran-20171124c-obj ...........   Passed    0.08 sec
      Start 44: gfortran-20171124d-obj
44/77 Test #44: gfortran-20171124d-obj ...........   Passed    0.07 sec
      Start 45: gfortran-20171124e-obj
45/77 Test #45: gfortran-20171124e-obj ...........   Passed    0.10 sec
      Start 46: gfortran-20171124f-obj
46/77 Test #46: gfortran-20171124f-obj ...........   Passed    0.10 sec
      Start 47: gfortran-20171122-run
47/77 Test #47: gfortran-20171122-run ............   Passed    0.00 sec
      Start 48: gfortran-20171122b-run
48/77 Test #48: gfortran-20171122b-run ...........   Passed    0.00 sec
      Start 49: gfortran-20171115-obj
49/77 Test #49: gfortran-20171115-obj ............   Passed    0.08 sec
      Start 50: gfortran-20171114a-run
50/77 Test #50: gfortran-20171114a-run ...........   Passed    0.01 sec
      Start 51: gfortran-20171114b-exe
51/77 Test #51: gfortran-20171114b-exe ...........   Passed    0.15 sec
      Start 52: gfortran-20171114b-run
52/77 Test #52: gfortran-20171114b-run ...........   Passed    0.01 sec
      Start 53: gfortran-20171114c-exe
53/77 Test #53: gfortran-20171114c-exe ...........   Passed    0.15 sec
      Start 54: gfortran-20171114c-run
54/77 Test #54: gfortran-20171114c-run ...........   Passed    0.01 sec
      Start 55: gfortran-20170812a-run
55/77 Test #55: gfortran-20170812a-run ...........   Passed    0.00 sec
      Start 56: gfortran-20170812b-exe
56/77 Test #56: gfortran-20170812b-exe ...........   Passed    0.10 sec
      Start 57: gfortran-20170812b-run
57/77 Test #57: gfortran-20170812b-run ...........   Passed    0.01 sec
      Start 58: gfortran-20170112a-obj
58/77 Test #58: gfortran-20170112a-obj ...........   Passed    0.07 sec
      Start 59: gfortran-20170112b-run
59/77 Test #59: gfortran-20170112b-run ...........   Passed    0.00 sec
      Start 60: gfortran-20160821-obj
60/77 Test #60: gfortran-20160821-obj ............   Passed    0.07 sec
      Start 61: gfortran-20160321-run
61/77 Test #61: gfortran-20160321-run ............   Passed    0.00 sec
      Start 62: gfortran-20160320-run
62/77 Test #62: gfortran-20160320-run ............   Passed    0.00 sec
      Start 63: gfortran-20160319a-obj
63/77 Test #63: gfortran-20160319a-obj ...........   Passed    0.08 sec
      Start 64: gfortran-20160319b-obj
64/77 Test #64: gfortran-20160319b-obj ...........   Passed    0.08 sec
      Start 65: gfortran-20160129-obj
65/77 Test #65: gfortran-20160129-obj ............***Failed    0.05 sec
      Start 66: gfortran-20151108-obj
66/77 Test #66: gfortran-20151108-obj ............   Passed    0.08 sec
      Start 67: gfortran-20151102a-run
67/77 Test #67: gfortran-20151102a-run ...........   Passed    0.00 sec
      Start 68: gfortran-20151102b-run
68/77 Test #68: gfortran-20151102b-run ...........   Passed    0.00 sec
      Start 69: gfortran-20151101-obj
69/77 Test #69: gfortran-20151101-obj ............   Passed    0.08 sec
      Start 70: gfortran-20150913-run
70/77 Test #70: gfortran-20150913-run ............   Passed    0.00 sec
      Start 71: gfortran-20150912a-run
71/77 Test #71: gfortran-20150912a-run ...........   Passed    0.00 sec
      Start 72: gfortran-20120411-obj
72/77 Test #72: gfortran-20120411-obj ............   Passed    0.08 sec
      Start 73: gfortran-20110616-obj
73/77 Test #73: gfortran-20110616-obj ............   Passed    0.07 sec
      Start 74: gfortran-20110528-obj
74/77 Test #74: gfortran-20110528-obj ............   Passed    0.07 sec
      Start 75: gfortran-20100925-obj
75/77 Test #75: gfortran-20100925-obj ............   Passed    0.07 sec
      Start 76: gfortran-20100924-obj
76/77 Test #76: gfortran-20100924-obj ............   Passed    0.08 sec
      Start 77: gfortran-20181114-run
77/77 Test #77: gfortran-20181114-run ............   Passed    0.00 sec

75% tests passed, 19 tests failed out of 77

Label Time Summary:
PR100815        =   0.00 sec*proc (1 test)
PR103394        =   0.00 sec*proc (1 test)
PR104630        =   0.15 sec*proc (1 test)
PR109846        =   0.12 sec*proc (2 tests)
PR110012        =   0.15 sec*proc (1 test)
PR110033        =   0.05 sec*proc (1 test)
PR110224        =   0.08 sec*proc (1 test)
PR112964        =   0.27 sec*proc (1 test)
PR114827        =   0.01 sec*proc (1 test)
PR117774        =   0.09 sec*proc (1 test)
PR119986        =   0.00 sec*proc (2 tests)
PR119994        =   0.06 sec*proc (1 test)
PR40196         =   0.11 sec*proc (2 tests)
PR45786         =   0.08 sec*proc (1 test)
PR45794         =   0.07 sec*proc (1 test)
PR49213         =   0.21 sec*proc (3 tests)
PR52864         =   0.08 sec*proc (1 test)
PR54070         =   0.00 sec*proc (2 tests)
PR66577         =   0.08 sec*proc (1 test)
PR67560         =   0.00 sec*proc (1 test)
PR67564         =   0.00 sec*proc (2 tests)
PR68174         =   0.08 sec*proc (1 test)
PR69563         =   0.05 sec*proc (1 test)
PR70312         =   0.17 sec*proc (2 tests)
PR77310         =   0.07 sec*proc (1 test)
PR79072         =   0.18 sec*proc (5 tests)
PR79929         =   0.07 sec*proc (1 test)
PR82996         =   0.34 sec*proc (5 tests)
PR83012         =   0.08 sec*proc (1 test)
PR83118         =   0.00 sec*proc (2 tests)
PR83146         =   0.07 sec*proc (1 test)
PR83148         =   0.08 sec*proc (1 test)
PR83149         =   0.20 sec*proc (2 tests)
PR84093         =   0.17 sec*proc (3 tests)
PR84119         =   0.10 sec*proc (2 tests)
PR84120         =   0.12 sec*proc (3 tests)
PR84122         =   0.05 sec*proc (1 test)
PR84143         =   0.10 sec*proc (2 tests)
PR84539         =   0.22 sec*proc (4 tests)
PR84546         =   0.13 sec*proc (2 tests)
PR86100         =   0.11 sec*proc (2 tests)
PR88043         =   0.00 sec*proc (1 test)
PR89174         =   0.00 sec*proc (1 test)
PR93762         =   0.11 sec*proc (2 tests)
PR94463         =   0.13 sec*proc (1 test)
PR94909         =   0.05 sec*proc (1 test)
gfortran-bug    =   4.29 sec*proc (77 tests)

Total Test time (real) =   4.31 sec

The following tests FAILED:
	  1 - gfortran-20250605-run (Failed)
	  2 - gfortran-20250428-run (Failed)
	  3 - gfortran-20250401-obj (Failed)
	  6 - gfortran-20231211-obj (Failed)
	  8 - gfortran-20230529-obj (Failed)
	  9 - gfortran-20230527-obj (Failed)
	 12 - gfortran-20220221-module-exe (Failed)
	 13 - gfortran-20211123-run (Failed)
	 17 - gfortran-20200501-obj (Failed)
	 18 - gfortran-20200402-file1-exe (Failed)
	 29 - gfortran-20180130e-run (Failed)
	 30 - gfortran-20180130d-obj (Failed)
	 31 - gfortran-20180130c-exe (Failed)
	 32 - gfortran-20180130c-run (Not Run)
	 33 - gfortran-20180130b-obj (Failed)
	 35 - gfortran-20180130a-run (Failed)
	 39 - gfortran-20180129-run (Failed)
	 40 - gfortran-20180128-obj (Failed)
	 65 - gfortran-20160129-obj (Failed)
