Test project /home/nnc/Fortran/fortran-compiler-tests/gfortran-bugs/build
      Start  1: gfortran-20230612-obj
 1/71 Test  #1: gfortran-20230612-obj ............***Failed    0.14 sec
      Start  2: gfortran-20230529-obj
 2/71 Test  #2: gfortran-20230529-obj ............***Failed    0.14 sec
      Start  3: gfortran-20230527-obj
 3/71 Test  #3: gfortran-20230527-obj ............***Failed    0.52 sec
      Start  4: gfortran-20230513-exe
 4/71 Test  #4: gfortran-20230513-exe ............***Failed    0.14 sec
      Start  5: gfortran-20230513-run
Failed test dependencies: gfortran-20230513-exe
 5/71 Test  #5: gfortran-20230513-run ............***Not Run   0.00 sec
      Start  6: gfortran-20220221-module-exe
 6/71 Test  #6: gfortran-20220221-module-exe .....***Failed    0.40 sec
      Start  7: gfortran-20211123-run
 7/71 Test  #7: gfortran-20211123-run ............***Failed    0.00 sec
      Start  8: gfortran-20210527-run
 8/71 Test  #8: gfortran-20210527-run ............   Passed    0.00 sec
      Start  9: gfortran-20201204-exe
 9/71 Test  #9: gfortran-20201204-exe ............   Passed    0.28 sec
      Start 10: gfortran-20201204-run
10/71 Test #10: gfortran-20201204-run ............***Failed    0.02 sec
      Start 11: gfortran-20200501-obj
11/71 Test #11: gfortran-20200501-obj ............***Failed    0.15 sec
      Start 12: gfortran-20200402-file1-exe
12/71 Test #12: gfortran-20200402-file1-exe ......***Failed    0.36 sec
      Start 13: gfortran-20190202-run
13/71 Test #13: gfortran-20190202-run ............   Passed    0.00 sec
      Start 14: gfortran-20180610-exe
14/71 Test #14: gfortran-20180610-exe ............   Passed    0.29 sec
      Start 15: gfortran-20180610-run
15/71 Test #15: gfortran-20180610-run ............***Failed    0.07 sec
      Start 16: gfortran-20180224-exe
16/71 Test #16: gfortran-20180224-exe ............   Passed    0.31 sec
      Start 17: gfortran-20180224-run
17/71 Test #17: gfortran-20180224-run ............   Passed    0.02 sec
      Start 18: gfortran-20180223a-exe
18/71 Test #18: gfortran-20180223a-exe ...........   Passed    0.28 sec
      Start 19: gfortran-20180223a-run
19/71 Test #19: gfortran-20180223a-run ...........   Passed    0.02 sec
      Start 20: gfortran-20180223b-exe
20/71 Test #20: gfortran-20180223b-exe ...........   Passed    0.26 sec
      Start 21: gfortran-20180223b-run
21/71 Test #21: gfortran-20180223b-run ...........   Passed    0.02 sec
      Start 22: gfortran-20180130e-exe
22/71 Test #22: gfortran-20180130e-exe ...........   Passed    0.27 sec
      Start 23: gfortran-20180130e-run
23/71 Test #23: gfortran-20180130e-run ...........***Failed    0.02 sec
      Start 24: gfortran-20180130d-obj
24/71 Test #24: gfortran-20180130d-obj ...........***Failed    0.14 sec
      Start 25: gfortran-20180130c-exe
25/71 Test #25: gfortran-20180130c-exe ...........***Failed    0.14 sec
      Start 26: gfortran-20180130c-run
Failed test dependencies: gfortran-20180130c-exe
26/71 Test #26: gfortran-20180130c-run ...........***Not Run   0.00 sec
      Start 27: gfortran-20180130b-obj
27/71 Test #27: gfortran-20180130b-obj ...........***Failed    0.19 sec
      Start 28: gfortran-20180130a-exe
28/71 Test #28: gfortran-20180130a-exe ...........   Passed    0.26 sec
      Start 29: gfortran-20180130a-run
29/71 Test #29: gfortran-20180130a-run ...........***Failed    0.02 sec
      Start 30: char-par-inquiry-exe
30/71 Test #30: char-par-inquiry-exe .............   Passed    0.24 sec
      Start 31: char-par-inquiry-run
31/71 Test #31: char-par-inquiry-run .............   Passed    0.02 sec
      Start 32: gfortran-20180129-exe
32/71 Test #32: gfortran-20180129-exe ............   Passed    0.25 sec
      Start 33: gfortran-20180129-run
33/71 Test #33: gfortran-20180129-run ............***Failed    0.01 sec
      Start 34: gfortran-20180128-obj
34/71 Test #34: gfortran-20180128-obj ............***Failed    0.16 sec
      Start 35: gfortran-20171124a-obj
35/71 Test #35: gfortran-20171124a-obj ...........   Passed    0.19 sec
      Start 36: gfortran-20171124b-obj
36/71 Test #36: gfortran-20171124b-obj ...........***Failed    0.15 sec
      Start 37: gfortran-20171124c-obj
37/71 Test #37: gfortran-20171124c-obj ...........   Passed    0.22 sec
      Start 38: gfortran-20171124d-obj
38/71 Test #38: gfortran-20171124d-obj ...........   Passed    0.18 sec
      Start 39: gfortran-20171124e-obj
39/71 Test #39: gfortran-20171124e-obj ...........   Passed    0.27 sec
      Start 40: gfortran-20171124f-obj
40/71 Test #40: gfortran-20171124f-obj ...........   Passed    0.28 sec
      Start 41: gfortran-20171122-run
41/71 Test #41: gfortran-20171122-run ............   Passed    0.00 sec
      Start 42: gfortran-20171122b-run
42/71 Test #42: gfortran-20171122b-run ...........   Passed    0.00 sec
      Start 43: gfortran-20171115-obj
43/71 Test #43: gfortran-20171115-obj ............   Passed    0.22 sec
      Start 44: gfortran-20171114a-run
44/71 Test #44: gfortran-20171114a-run ...........   Passed    0.02 sec
      Start 45: gfortran-20171114b-exe
45/71 Test #45: gfortran-20171114b-exe ...........   Passed    0.39 sec
      Start 46: gfortran-20171114b-run
46/71 Test #46: gfortran-20171114b-run ...........   Passed    0.03 sec
      Start 47: gfortran-20171114c-exe
47/71 Test #47: gfortran-20171114c-exe ...........   Passed    0.37 sec
      Start 48: gfortran-20171114c-run
48/71 Test #48: gfortran-20171114c-run ...........   Passed    0.03 sec
      Start 49: gfortran-20170812a-run
49/71 Test #49: gfortran-20170812a-run ...........   Passed    0.00 sec
      Start 50: gfortran-20170812b-exe
50/71 Test #50: gfortran-20170812b-exe ...........   Passed    0.28 sec
      Start 51: gfortran-20170812b-run
51/71 Test #51: gfortran-20170812b-run ...........   Passed    0.02 sec
      Start 52: gfortran-20170112a-obj
52/71 Test #52: gfortran-20170112a-obj ...........   Passed    0.19 sec
      Start 53: gfortran-20170112b-run
53/71 Test #53: gfortran-20170112b-run ...........   Passed    0.00 sec
      Start 54: gfortran-20160821-obj
54/71 Test #54: gfortran-20160821-obj ............   Passed    0.19 sec
      Start 55: gfortran-20160321-run
55/71 Test #55: gfortran-20160321-run ............   Passed    0.00 sec
      Start 56: gfortran-20160320-run
56/71 Test #56: gfortran-20160320-run ............   Passed    0.00 sec
      Start 57: gfortran-20160319a-obj
57/71 Test #57: gfortran-20160319a-obj ...........   Passed    0.22 sec
      Start 58: gfortran-20160319b-obj
58/71 Test #58: gfortran-20160319b-obj ...........   Passed    0.22 sec
      Start 59: gfortran-20160129-obj
59/71 Test #59: gfortran-20160129-obj ............***Failed    0.13 sec
      Start 60: gfortran-20151108-obj
60/71 Test #60: gfortran-20151108-obj ............   Passed    0.22 sec
      Start 61: gfortran-20151102a-run
61/71 Test #61: gfortran-20151102a-run ...........   Passed    0.00 sec
      Start 62: gfortran-20151102b-run
62/71 Test #62: gfortran-20151102b-run ...........   Passed    0.00 sec
      Start 63: gfortran-20151101-obj
63/71 Test #63: gfortran-20151101-obj ............   Passed    0.23 sec
      Start 64: gfortran-20150913-run
64/71 Test #64: gfortran-20150913-run ............   Passed    0.00 sec
      Start 65: gfortran-20150912a-run
65/71 Test #65: gfortran-20150912a-run ...........   Passed    0.00 sec
      Start 66: gfortran-20120411-obj
66/71 Test #66: gfortran-20120411-obj ............   Passed    0.21 sec
      Start 67: gfortran-20110616-obj
67/71 Test #67: gfortran-20110616-obj ............***Failed    0.30 sec
      Start 68: gfortran-20110528-obj
68/71 Test #68: gfortran-20110528-obj ............***Failed    0.28 sec
      Start 69: gfortran-20100925-obj
69/71 Test #69: gfortran-20100925-obj ............   Passed    0.19 sec
      Start 70: gfortran-20100924-obj
70/71 Test #70: gfortran-20100924-obj ............   Passed    0.22 sec
      Start 71: gfortran-20181114-run
71/71 Test #71: gfortran-20181114-run ............***Failed    0.06 sec

66% tests passed, 24 tests failed out of 71

Label Time Summary:
PR100815        =   0.00 sec*proc (1 test)
PR103394        =   0.00 sec*proc (1 test)
PR104630        =   0.40 sec*proc (1 test)
PR109846        =   0.14 sec*proc (2 tests)
PR110012        =   0.52 sec*proc (1 test)
PR110033        =   0.14 sec*proc (1 test)
PR110224        =   0.14 sec*proc (1 test)
PR40196         =   0.26 sec*proc (2 tests)
PR45786         =   0.22 sec*proc (1 test)
PR45794         =   0.19 sec*proc (1 test)
PR49213         =   0.72 sec*proc (3 tests)
PR52864         =   0.21 sec*proc (1 test)
PR54070         =   0.01 sec*proc (2 tests)
PR66577         =   0.22 sec*proc (1 test)
PR67560         =   0.00 sec*proc (1 test)
PR67564         =   0.01 sec*proc (2 tests)
PR68174         =   0.23 sec*proc (1 test)
PR69563         =   0.13 sec*proc (1 test)
PR70312         =   0.45 sec*proc (2 tests)
PR77310         =   0.19 sec*proc (1 test)
PR79072         =   0.49 sec*proc (5 tests)
PR79929         =   0.18 sec*proc (1 test)
PR82996         =   0.85 sec*proc (5 tests)
PR83012         =   0.22 sec*proc (1 test)
PR83118         =   0.01 sec*proc (2 tests)
PR83146         =   0.19 sec*proc (1 test)
PR83148         =   0.22 sec*proc (1 test)
PR83149         =   0.55 sec*proc (2 tests)
PR84093         =   0.42 sec*proc (3 tests)
PR84119         =   0.28 sec*proc (2 tests)
PR84120         =   0.33 sec*proc (3 tests)
PR84122         =   0.14 sec*proc (1 test)
PR84143         =   0.29 sec*proc (2 tests)
PR84539         =   0.57 sec*proc (4 tests)
PR84546         =   0.33 sec*proc (2 tests)
PR86100         =   0.36 sec*proc (2 tests)
PR88043         =   0.06 sec*proc (1 test)
PR89174         =   0.00 sec*proc (1 test)
PR93762         =   0.30 sec*proc (2 tests)
PR94463         =   0.36 sec*proc (1 test)
PR94909         =   0.15 sec*proc (1 test)
gfortran-bug    =  10.47 sec*proc (71 tests)

Total Test time (real) =  10.51 sec

The following tests FAILED:
	  1 - gfortran-20230612-obj (Failed)
	  2 - gfortran-20230529-obj (Failed)
	  3 - gfortran-20230527-obj (Failed)
	  4 - gfortran-20230513-exe (Failed)
	  5 - gfortran-20230513-run (Not Run)
	  6 - gfortran-20220221-module-exe (Failed)
	  7 - gfortran-20211123-run (Failed)
	 10 - gfortran-20201204-run (Failed)
	 11 - gfortran-20200501-obj (Failed)
	 12 - gfortran-20200402-file1-exe (Failed)
	 15 - gfortran-20180610-run (Failed)
	 23 - gfortran-20180130e-run (Failed)
	 24 - gfortran-20180130d-obj (Failed)
	 25 - gfortran-20180130c-exe (Failed)
	 26 - gfortran-20180130c-run (Not Run)
	 27 - gfortran-20180130b-obj (Failed)
	 29 - gfortran-20180130a-run (Failed)
	 33 - gfortran-20180129-run (Failed)
	 34 - gfortran-20180128-obj (Failed)
	 36 - gfortran-20171124b-obj (Failed)
	 59 - gfortran-20160129-obj (Failed)
	 67 - gfortran-20110616-obj (Failed)
	 68 - gfortran-20110528-obj (Failed)
	 71 - gfortran-20181114-run (Failed)
