Test project /home/nnc/Fortran/fortran-compiler-tests/nag-bugs/build
      Start  1: nag-20241130-obj
 1/69 Test  #1: nag-20241130-obj .................   Passed    0.20 sec
      Start  2: nag-20231213-run
 2/69 Test  #2: nag-20231213-run .................   Passed    0.00 sec
      Start  3: nag-20231211-obj
 3/69 Test  #3: nag-20231211-obj .................   Passed    0.24 sec
      Start  4: nag-20231206-run
 4/69 Test  #4: nag-20231206-run .................   Passed    0.00 sec
      Start  5: nag-20231204-obj
 5/69 Test  #5: nag-20231204-obj .................   Passed    0.24 sec
      Start  6: nag-20230603c-run
 6/69 Test  #6: nag-20230603c-run ................   Passed    0.00 sec
      Start  7: nag-20230603b-run
 7/69 Test  #7: nag-20230603b-run ................   Passed    0.00 sec
      Start  8: nag-20230603a-obj
 8/69 Test  #8: nag-20230603a-obj ................   Passed    0.19 sec
      Start  9: nag-20230529-obj
 9/69 Test  #9: nag-20230529-obj .................   Passed    0.24 sec
      Start 10: nag-20230527-exe
10/69 Test #10: nag-20230527-exe .................   Passed    0.36 sec
      Start 11: nag-20230527-run
11/69 Test #11: nag-20230527-run .................   Passed    0.02 sec
      Start 12: nag-20230426-obj
12/69 Test #12: nag-20230426-obj .................   Passed    0.20 sec
      Start 13: nag-20230426b-obj
13/69 Test #13: nag-20230426b-obj ................   Passed    0.19 sec
      Start 14: nag-20220421-run
14/69 Test #14: nag-20220421-run .................   Passed    0.00 sec
      Start 15: nag-20220312-obj
15/69 Test #15: nag-20220312-obj .................   Passed    0.23 sec
      Start 16: nag-20220127-obj
16/69 Test #16: nag-20220127-obj .................   Passed    0.20 sec
      Start 17: nag-20220117-obj
17/69 Test #17: nag-20220117-obj .................   Passed    0.20 sec
      Start 18: nag-20220104-obj
18/69 Test #18: nag-20220104-obj .................   Passed    0.23 sec
      Start 19: nag-20220103-obj
19/69 Test #19: nag-20220103-obj .................   Passed    0.22 sec
      Start 20: nag-20200124-obj
20/69 Test #20: nag-20200124-obj .................   Passed    0.22 sec
      Start 21: nag-20200110-run
21/69 Test #21: nag-20200110-run .................   Passed    0.00 sec
      Start 22: nag-20190906-run
22/69 Test #22: nag-20190906-run .................   Passed    0.00 sec
      Start 23: nag-20190831-run
23/69 Test #23: nag-20190831-run .................   Passed    0.00 sec
      Start 24: nag-20190826a-obj
24/69 Test #24: nag-20190826a-obj ................   Passed    0.24 sec
      Start 25: nag-20190826b-obj
25/69 Test #25: nag-20190826b-obj ................***Failed    0.16 sec
      Start 26: nag-20190608-obj
26/69 Test #26: nag-20190608-obj .................   Passed    0.23 sec
      Start 27: nag-20190507-run
27/69 Test #27: nag-20190507-run .................   Passed    0.00 sec
      Start 28: nag-20190506-run
28/69 Test #28: nag-20190506-run .................   Passed    0.00 sec
      Start 29: nag-20190302-obj
29/69 Test #29: nag-20190302-obj .................   Passed    0.22 sec
      Start 30: nag-20180819-run
30/69 Test #30: nag-20180819-run .................   Passed    0.00 sec
      Start 31: nag-20180731-run
31/69 Test #31: nag-20180731-run .................   Passed    0.00 sec
      Start 32: nag-20180323-obj
32/69 Test #32: nag-20180323-obj .................   Passed    0.48 sec
      Start 33: nag-20180219-run
33/69 Test #33: nag-20180219-run .................   Passed    0.00 sec
      Start 34: nag-20180205c-obj
34/69 Test #34: nag-20180205c-obj ................   Passed    0.20 sec
      Start 35: nag-20180205b-obj
35/69 Test #35: nag-20180205b-obj ................   Passed    0.20 sec
      Start 36: nag-20180205a-obj
36/69 Test #36: nag-20180205a-obj ................   Passed    0.20 sec
      Start 37: nag-20180204e-obj
37/69 Test #37: nag-20180204e-obj ................   Passed    0.22 sec
      Start 38: nag-20180204d-obj
38/69 Test #38: nag-20180204d-obj ................   Passed    0.23 sec
      Start 39: nag-20180204c-obj
39/69 Test #39: nag-20180204c-obj ................   Passed    0.22 sec
      Start 40: nag-20180204b-obj
40/69 Test #40: nag-20180204b-obj ................   Passed    0.20 sec
      Start 41: nag-20180204a-obj
41/69 Test #41: nag-20180204a-obj ................***Failed    0.13 sec
      Start 42: nag-20180203f-obj
42/69 Test #42: nag-20180203f-obj ................   Passed    0.20 sec
      Start 43: nag-20180203e-obj
43/69 Test #43: nag-20180203e-obj ................***Failed    0.13 sec
      Start 44: nag-20180203c-obj
44/69 Test #44: nag-20180203c-obj ................***Failed    0.13 sec
      Start 45: nag-20180203b-obj
45/69 Test #45: nag-20180203b-obj ................   Passed    0.22 sec
      Start 46: nag-20180203a-obj
46/69 Test #46: nag-20180203a-obj ................   Passed    0.20 sec
      Start 47: nag-20180202c-obj
47/69 Test #47: nag-20180202c-obj ................   Passed    0.23 sec
      Start 48: nag-20180202b-exe
48/69 Test #48: nag-20180202b-exe ................   Passed    0.29 sec
      Start 49: nag-20180202b-run
49/69 Test #49: nag-20180202b-run ................   Passed    0.02 sec
      Start 50: nag-20180202a-exe
50/69 Test #50: nag-20180202a-exe ................   Passed    0.29 sec
      Start 51: nag-20180202a-run
51/69 Test #51: nag-20180202a-run ................   Passed    0.02 sec
      Start 52: nag-20180201-obj
52/69 Test #52: nag-20180201-obj .................   Passed    0.48 sec
      Start 53: nag-20171110-obj
53/69 Test #53: nag-20171110-obj .................   Passed    0.50 sec
      Start 54: nag-20171027-obj
54/69 Test #54: nag-20171027-obj .................   Passed    0.18 sec
      Start 55: nag-20170805a-obj
55/69 Test #55: nag-20170805a-obj ................   Passed    0.16 sec
      Start 56: nag-20170805b-obj
56/69 Test #56: nag-20170805b-obj ................   Passed    0.20 sec
      Start 57: nag-20160321-obj
57/69 Test #57: nag-20160321-obj .................   Passed    0.18 sec
      Start 58: nag-20160129-obj
58/69 Test #58: nag-20160129-obj .................   Passed    0.25 sec
      Start 59: nag-20150528-run
59/69 Test #59: nag-20150528-run .................   Passed    0.00 sec
      Start 60: nag-20150520-obj
60/69 Test #60: nag-20150520-obj .................   Passed    0.21 sec
      Start 61: nag-20150321-obj
61/69 Test #61: nag-20150321-obj .................   Passed    0.23 sec
      Start 62: nag-20140617-run
62/69 Test #62: nag-20140617-run .................   Passed    0.00 sec
      Start 63: nag-20140616-obj
63/69 Test #63: nag-20140616-obj .................   Passed    0.17 sec
      Start 64: nag-20140417-obj
64/69 Test #64: nag-20140417-obj .................   Passed    0.30 sec
      Start 65: nag-20140108-obj
65/69 Test #65: nag-20140108-obj .................   Passed    0.19 sec
      Start 66: nag-20131204-obj
66/69 Test #66: nag-20131204-obj .................   Passed    0.19 sec
      Start 67: nag-20130818-run
67/69 Test #67: nag-20130818-run .................   Passed    0.00 sec
      Start 68: nag-20121111-obj
68/69 Test #68: nag-20121111-obj .................   Passed    0.19 sec
      Start 69: nag-20121007-obj
69/69 Test #69: nag-20121007-obj .................   Passed    0.10 sec

94% tests passed, 4 tests failed out of 69

Label Time Summary:
SR100256    =   0.61 sec*proc (3 tests)
SR100272    =   0.48 sec*proc (1 test)
SR101681    =   0.00 sec*proc (1 test)
SR101836    =   0.00 sec*proc (1 test)
SR103029    =   0.22 sec*proc (1 test)
SR103454    =   0.01 sec*proc (2 tests)
SR103620    =   0.23 sec*proc (1 test)
SR104042    =   0.40 sec*proc (2 tests)
SR104066    =   0.01 sec*proc (2 tests)
SR104737    =   0.00 sec*proc (1 test)
SR104818    =   0.22 sec*proc (1 test)
SR108297    =   0.20 sec*proc (1 test)
SR108353    =   0.20 sec*proc (1 test)
SR108547    =   0.23 sec*proc (1 test)
SR108549    =   0.23 sec*proc (1 test)
SR108695    =   0.00 sec*proc (1 test)
SR108840    =   0.19 sec*proc (1 test)
SR108841    =   0.00 sec*proc (1 test)
SR108842    =   0.00 sec*proc (1 test)
SR109729    =   0.20 sec*proc (1 test)
SR109734    =   0.19 sec*proc (1 test)
SR109818    =   0.24 sec*proc (1 test)
SR109822    =   0.38 sec*proc (2 tests)
SR110428    =   0.24 sec*proc (1 test)
SR110437    =   0.00 sec*proc (1 test)
SR110461    =   0.24 sec*proc (1 test)
SR110467    =   0.00 sec*proc (1 test)
SR99906     =   0.48 sec*proc (1 test)
SR99908     =   0.31 sec*proc (2 tests)
SR99909     =   0.31 sec*proc (2 tests)
SR99910     =   0.23 sec*proc (1 test)
SR99921     =   0.42 sec*proc (2 tests)
SR99982     =   0.00 sec*proc (1 test)
nag-bug     =  11.44 sec*proc (69 tests)

Total Test time (real) =  11.49 sec

The following tests FAILED:
	 25 - nag-20190826b-obj (Failed)
	 41 - nag-20180204a-obj (Failed)
	 43 - nag-20180203e-obj (Failed)
	 44 - nag-20180203c-obj (Failed)
