Test project /home/nnc/Fortran/fortran-compiler-tests/nag-bugs/build
      Start  1: nag-20260110-obj
 1/71 Test  #1: nag-20260110-obj .................   Passed    0.15 sec
      Start  2: nag-20250124-obj
 2/71 Test  #2: nag-20250124-obj .................   Passed    0.13 sec
      Start  3: nag-20241130-obj
 3/71 Test  #3: nag-20241130-obj .................   Passed    0.13 sec
      Start  4: nag-20231213-run
 4/71 Test  #4: nag-20231213-run .................   Passed    0.00 sec
      Start  5: nag-20231211-obj
 5/71 Test  #5: nag-20231211-obj .................   Passed    0.15 sec
      Start  6: nag-20231206-run
 6/71 Test  #6: nag-20231206-run .................   Passed    0.00 sec
      Start  7: nag-20231204-obj
 7/71 Test  #7: nag-20231204-obj .................   Passed    0.11 sec
      Start  8: nag-20230603c-run
 8/71 Test  #8: nag-20230603c-run ................   Passed    0.00 sec
      Start  9: nag-20230603b-run
 9/71 Test  #9: nag-20230603b-run ................   Passed    0.00 sec
      Start 10: nag-20230603a-obj
10/71 Test #10: nag-20230603a-obj ................   Passed    0.09 sec
      Start 11: nag-20230529-obj
11/71 Test #11: nag-20230529-obj .................   Passed    0.10 sec
      Start 12: nag-20230527-exe
12/71 Test #12: nag-20230527-exe .................   Passed    0.16 sec
      Start 13: nag-20230527-run
13/71 Test #13: nag-20230527-run .................   Passed    0.01 sec
      Start 14: nag-20230426-obj
14/71 Test #14: nag-20230426-obj .................   Passed    0.09 sec
      Start 15: nag-20230426b-obj
15/71 Test #15: nag-20230426b-obj ................   Passed    0.09 sec
      Start 16: nag-20220421-run
16/71 Test #16: nag-20220421-run .................   Passed    0.00 sec
      Start 17: nag-20220312-obj
17/71 Test #17: nag-20220312-obj .................   Passed    0.10 sec
      Start 18: nag-20220127-obj
18/71 Test #18: nag-20220127-obj .................   Passed    0.10 sec
      Start 19: nag-20220117-obj
19/71 Test #19: nag-20220117-obj .................   Passed    0.09 sec
      Start 20: nag-20220104-obj
20/71 Test #20: nag-20220104-obj .................   Passed    0.10 sec
      Start 21: nag-20220103-obj
21/71 Test #21: nag-20220103-obj .................   Passed    0.10 sec
      Start 22: nag-20200124-obj
22/71 Test #22: nag-20200124-obj .................   Passed    0.11 sec
      Start 23: nag-20200110-run
23/71 Test #23: nag-20200110-run .................   Passed    0.00 sec
      Start 24: nag-20190906-run
24/71 Test #24: nag-20190906-run .................   Passed    0.00 sec
      Start 25: nag-20190831-run
25/71 Test #25: nag-20190831-run .................   Passed    0.00 sec
      Start 26: nag-20190826a-obj
26/71 Test #26: nag-20190826a-obj ................   Passed    0.11 sec
      Start 27: nag-20190826b-obj
27/71 Test #27: nag-20190826b-obj ................***Failed    0.08 sec
      Start 28: nag-20190608-obj
28/71 Test #28: nag-20190608-obj .................   Passed    0.11 sec
      Start 29: nag-20190507-run
29/71 Test #29: nag-20190507-run .................   Passed    0.00 sec
      Start 30: nag-20190506-run
30/71 Test #30: nag-20190506-run .................   Passed    0.00 sec
      Start 31: nag-20190302-obj
31/71 Test #31: nag-20190302-obj .................   Passed    0.10 sec
      Start 32: nag-20180819-run
32/71 Test #32: nag-20180819-run .................   Passed    0.00 sec
      Start 33: nag-20180731-run
33/71 Test #33: nag-20180731-run .................   Passed    0.00 sec
      Start 34: nag-20180323-obj
34/71 Test #34: nag-20180323-obj .................   Passed    0.25 sec
      Start 35: nag-20180219-run
35/71 Test #35: nag-20180219-run .................   Passed    0.00 sec
      Start 36: nag-20180205c-obj
36/71 Test #36: nag-20180205c-obj ................   Passed    0.09 sec
      Start 37: nag-20180205b-obj
37/71 Test #37: nag-20180205b-obj ................   Passed    0.09 sec
      Start 38: nag-20180205a-obj
38/71 Test #38: nag-20180205a-obj ................   Passed    0.09 sec
      Start 39: nag-20180204e-obj
39/71 Test #39: nag-20180204e-obj ................   Passed    0.10 sec
      Start 40: nag-20180204d-obj
40/71 Test #40: nag-20180204d-obj ................   Passed    0.11 sec
      Start 41: nag-20180204c-obj
41/71 Test #41: nag-20180204c-obj ................   Passed    0.10 sec
      Start 42: nag-20180204b-obj
42/71 Test #42: nag-20180204b-obj ................   Passed    0.09 sec
      Start 43: nag-20180204a-obj
43/71 Test #43: nag-20180204a-obj ................***Failed    0.05 sec
      Start 44: nag-20180203f-obj
44/71 Test #44: nag-20180203f-obj ................   Passed    0.09 sec
      Start 45: nag-20180203e-obj
45/71 Test #45: nag-20180203e-obj ................***Failed    0.05 sec
      Start 46: nag-20180203c-obj
46/71 Test #46: nag-20180203c-obj ................***Failed    0.05 sec
      Start 47: nag-20180203b-obj
47/71 Test #47: nag-20180203b-obj ................   Passed    0.10 sec
      Start 48: nag-20180203a-obj
48/71 Test #48: nag-20180203a-obj ................   Passed    0.09 sec
      Start 49: nag-20180202c-obj
49/71 Test #49: nag-20180202c-obj ................   Passed    0.10 sec
      Start 50: nag-20180202b-exe
50/71 Test #50: nag-20180202b-exe ................   Passed    0.12 sec
      Start 51: nag-20180202b-run
51/71 Test #51: nag-20180202b-run ................   Passed    0.01 sec
      Start 52: nag-20180202a-exe
52/71 Test #52: nag-20180202a-exe ................   Passed    0.13 sec
      Start 53: nag-20180202a-run
53/71 Test #53: nag-20180202a-run ................   Passed    0.01 sec
      Start 54: nag-20180201-obj
54/71 Test #54: nag-20180201-obj .................   Passed    0.23 sec
      Start 55: nag-20171110-obj
55/71 Test #55: nag-20171110-obj .................   Passed    0.30 sec
      Start 56: nag-20171027-obj
56/71 Test #56: nag-20171027-obj .................   Passed    0.10 sec
      Start 57: nag-20170805a-obj
57/71 Test #57: nag-20170805a-obj ................   Passed    0.09 sec
      Start 58: nag-20170805b-obj
58/71 Test #58: nag-20170805b-obj ................   Passed    0.10 sec
      Start 59: nag-20160321-obj
59/71 Test #59: nag-20160321-obj .................   Passed    0.10 sec
      Start 60: nag-20160129-obj
60/71 Test #60: nag-20160129-obj .................   Passed    0.13 sec
      Start 61: nag-20150528-run
61/71 Test #61: nag-20150528-run .................   Passed    0.00 sec
      Start 62: nag-20150520-obj
62/71 Test #62: nag-20150520-obj .................   Passed    0.11 sec
      Start 63: nag-20150321-obj
63/71 Test #63: nag-20150321-obj .................   Passed    0.12 sec
      Start 64: nag-20140617-run
64/71 Test #64: nag-20140617-run .................   Passed    0.00 sec
      Start 65: nag-20140616-obj
65/71 Test #65: nag-20140616-obj .................   Passed    0.09 sec
      Start 66: nag-20140417-obj
66/71 Test #66: nag-20140417-obj .................   Passed    0.18 sec
      Start 67: nag-20140108-obj
67/71 Test #67: nag-20140108-obj .................   Passed    0.09 sec
      Start 68: nag-20131204-obj
68/71 Test #68: nag-20131204-obj .................   Passed    0.10 sec
      Start 69: nag-20130818-run
69/71 Test #69: nag-20130818-run .................   Passed    0.00 sec
      Start 70: nag-20121111-obj
70/71 Test #70: nag-20121111-obj .................   Passed    0.10 sec
      Start 71: nag-20121007-obj
71/71 Test #71: nag-20121007-obj .................   Passed    0.05 sec

94% tests passed, 4 tests failed out of 71

Label Time Summary:
SR100256    =   0.28 sec*proc (3 tests)
SR100272    =   0.25 sec*proc (1 test)
SR101681    =   0.00 sec*proc (1 test)
SR101836    =   0.00 sec*proc (1 test)
SR103029    =   0.10 sec*proc (1 test)
SR103454    =   0.00 sec*proc (2 tests)
SR103620    =   0.11 sec*proc (1 test)
SR104042    =   0.19 sec*proc (2 tests)
SR104066    =   0.00 sec*proc (2 tests)
SR104737    =   0.00 sec*proc (1 test)
SR104818    =   0.11 sec*proc (1 test)
SR108297    =   0.09 sec*proc (1 test)
SR108353    =   0.10 sec*proc (1 test)
SR108547    =   0.10 sec*proc (1 test)
SR108549    =   0.10 sec*proc (1 test)
SR108695    =   0.00 sec*proc (1 test)
SR108840    =   0.09 sec*proc (1 test)
SR108841    =   0.00 sec*proc (1 test)
SR108842    =   0.00 sec*proc (1 test)
SR109729    =   0.09 sec*proc (1 test)
SR109734    =   0.09 sec*proc (1 test)
SR109818    =   0.10 sec*proc (1 test)
SR109822    =   0.17 sec*proc (2 tests)
SR110428    =   0.11 sec*proc (1 test)
SR110437    =   0.00 sec*proc (1 test)
SR110461    =   0.15 sec*proc (1 test)
SR110467    =   0.00 sec*proc (1 test)
SR111677    =   0.13 sec*proc (1 test)
SR111801    =   0.13 sec*proc (1 test)
SR99906     =   0.23 sec*proc (1 test)
SR99908     =   0.14 sec*proc (2 tests)
SR99909     =   0.13 sec*proc (2 tests)
SR99910     =   0.10 sec*proc (1 test)
SR99921     =   0.19 sec*proc (2 tests)
SR99982     =   0.00 sec*proc (1 test)
nag-bug     =   5.86 sec*proc (71 tests)

Total Test time (real) =   5.88 sec

The following tests FAILED:
	 27 - nag-20190826b-obj (Failed)
	 43 - nag-20180204a-obj (Failed)
	 45 - nag-20180203e-obj (Failed)
	 46 - nag-20180203c-obj (Failed)
