Test project /home/nnc/Fortran/fortran-compiler-tests/nag-bugs/build
      Start  1: nag-20250124-obj
 1/70 Test  #1: nag-20250124-obj .................   Passed    0.06 sec
      Start  2: nag-20241130-obj
 2/70 Test  #2: nag-20241130-obj .................   Passed    0.05 sec
      Start  3: nag-20231213-run
 3/70 Test  #3: nag-20231213-run .................   Passed    0.00 sec
      Start  4: nag-20231211-obj
 4/70 Test  #4: nag-20231211-obj .................   Passed    0.05 sec
      Start  5: nag-20231206-run
 5/70 Test  #5: nag-20231206-run .................   Passed    0.00 sec
      Start  6: nag-20231204-obj
 6/70 Test  #6: nag-20231204-obj .................   Passed    0.05 sec
      Start  7: nag-20230603c-run
 7/70 Test  #7: nag-20230603c-run ................   Passed    0.00 sec
      Start  8: nag-20230603b-run
 8/70 Test  #8: nag-20230603b-run ................   Passed    0.00 sec
      Start  9: nag-20230603a-obj
 9/70 Test  #9: nag-20230603a-obj ................   Passed    0.05 sec
      Start 10: nag-20230529-obj
10/70 Test #10: nag-20230529-obj .................   Passed    0.05 sec
      Start 11: nag-20230527-exe
11/70 Test #11: nag-20230527-exe .................   Passed    0.05 sec
      Start 12: nag-20230527-run
12/70 Test #12: nag-20230527-run .................   Passed    0.01 sec
      Start 13: nag-20230426-obj
13/70 Test #13: nag-20230426-obj .................   Passed    0.05 sec
      Start 14: nag-20230426b-obj
14/70 Test #14: nag-20230426b-obj ................   Passed    0.05 sec
      Start 15: nag-20220421-run
15/70 Test #15: nag-20220421-run .................   Passed    0.00 sec
      Start 16: nag-20220312-obj
16/70 Test #16: nag-20220312-obj .................   Passed    0.05 sec
      Start 17: nag-20220127-obj
17/70 Test #17: nag-20220127-obj .................   Passed    0.05 sec
      Start 18: nag-20220117-obj
18/70 Test #18: nag-20220117-obj .................   Passed    0.05 sec
      Start 19: nag-20220104-obj
19/70 Test #19: nag-20220104-obj .................   Passed    0.05 sec
      Start 20: nag-20220103-obj
20/70 Test #20: nag-20220103-obj .................   Passed    0.05 sec
      Start 21: nag-20200124-obj
21/70 Test #21: nag-20200124-obj .................   Passed    0.05 sec
      Start 22: nag-20200110-run
22/70 Test #22: nag-20200110-run .................   Passed    0.00 sec
      Start 23: nag-20190906-run
23/70 Test #23: nag-20190906-run .................   Passed    0.00 sec
      Start 24: nag-20190831-run
24/70 Test #24: nag-20190831-run .................   Passed    0.00 sec
      Start 25: nag-20190826a-obj
25/70 Test #25: nag-20190826a-obj ................   Passed    0.05 sec
      Start 26: nag-20190826b-obj
26/70 Test #26: nag-20190826b-obj ................***Failed    0.06 sec
      Start 27: nag-20190608-obj
27/70 Test #27: nag-20190608-obj .................   Passed    0.05 sec
      Start 28: nag-20190507-run
28/70 Test #28: nag-20190507-run .................   Passed    0.00 sec
      Start 29: nag-20190506-run
29/70 Test #29: nag-20190506-run .................   Passed    0.00 sec
      Start 30: nag-20190302-obj
30/70 Test #30: nag-20190302-obj .................   Passed    0.05 sec
      Start 31: nag-20180819-run
31/70 Test #31: nag-20180819-run .................   Passed    0.00 sec
      Start 32: nag-20180731-run
32/70 Test #32: nag-20180731-run .................   Passed    0.00 sec
      Start 33: nag-20180323-obj
33/70 Test #33: nag-20180323-obj .................   Passed    0.04 sec
      Start 34: nag-20180219-run
34/70 Test #34: nag-20180219-run .................   Passed    0.00 sec
      Start 35: nag-20180205c-obj
35/70 Test #35: nag-20180205c-obj ................   Passed    0.04 sec
      Start 36: nag-20180205b-obj
36/70 Test #36: nag-20180205b-obj ................   Passed    0.05 sec
      Start 37: nag-20180205a-obj
37/70 Test #37: nag-20180205a-obj ................   Passed    0.05 sec
      Start 38: nag-20180204e-obj
38/70 Test #38: nag-20180204e-obj ................   Passed    0.04 sec
      Start 39: nag-20180204d-obj
39/70 Test #39: nag-20180204d-obj ................   Passed    0.05 sec
      Start 40: nag-20180204c-obj
40/70 Test #40: nag-20180204c-obj ................   Passed    0.05 sec
      Start 41: nag-20180204b-obj
41/70 Test #41: nag-20180204b-obj ................   Passed    0.05 sec
      Start 42: nag-20180204a-obj
42/70 Test #42: nag-20180204a-obj ................***Failed    0.04 sec
      Start 43: nag-20180203f-obj
43/70 Test #43: nag-20180203f-obj ................   Passed    0.04 sec
      Start 44: nag-20180203e-obj
44/70 Test #44: nag-20180203e-obj ................***Failed    0.04 sec
      Start 45: nag-20180203c-obj
45/70 Test #45: nag-20180203c-obj ................***Failed    0.05 sec
      Start 46: nag-20180203b-obj
46/70 Test #46: nag-20180203b-obj ................   Passed    0.05 sec
      Start 47: nag-20180203a-obj
47/70 Test #47: nag-20180203a-obj ................   Passed    0.05 sec
      Start 48: nag-20180202c-obj
48/70 Test #48: nag-20180202c-obj ................   Passed    0.05 sec
      Start 49: nag-20180202b-exe
49/70 Test #49: nag-20180202b-exe ................   Passed    0.04 sec
      Start 50: nag-20180202b-run
50/70 Test #50: nag-20180202b-run ................   Passed    0.01 sec
      Start 51: nag-20180202a-exe
51/70 Test #51: nag-20180202a-exe ................   Passed    0.05 sec
      Start 52: nag-20180202a-run
52/70 Test #52: nag-20180202a-run ................   Passed    0.01 sec
      Start 53: nag-20180201-obj
53/70 Test #53: nag-20180201-obj .................   Passed    0.05 sec
      Start 54: nag-20171110-obj
54/70 Test #54: nag-20171110-obj .................   Passed    0.05 sec
      Start 55: nag-20171027-obj
55/70 Test #55: nag-20171027-obj .................   Passed    0.05 sec
      Start 56: nag-20170805a-obj
56/70 Test #56: nag-20170805a-obj ................   Passed    0.05 sec
      Start 57: nag-20170805b-obj
57/70 Test #57: nag-20170805b-obj ................   Passed    0.04 sec
      Start 58: nag-20160321-obj
58/70 Test #58: nag-20160321-obj .................   Passed    0.04 sec
      Start 59: nag-20160129-obj
59/70 Test #59: nag-20160129-obj .................   Passed    0.05 sec
      Start 60: nag-20150528-run
60/70 Test #60: nag-20150528-run .................   Passed    0.00 sec
      Start 61: nag-20150520-obj
61/70 Test #61: nag-20150520-obj .................   Passed    0.04 sec
      Start 62: nag-20150321-obj
62/70 Test #62: nag-20150321-obj .................   Passed    0.05 sec
      Start 63: nag-20140617-run
63/70 Test #63: nag-20140617-run .................   Passed    0.00 sec
      Start 64: nag-20140616-obj
64/70 Test #64: nag-20140616-obj .................   Passed    0.05 sec
      Start 65: nag-20140417-obj
65/70 Test #65: nag-20140417-obj .................   Passed    0.05 sec
      Start 66: nag-20140108-obj
66/70 Test #66: nag-20140108-obj .................   Passed    0.05 sec
      Start 67: nag-20131204-obj
67/70 Test #67: nag-20131204-obj .................   Passed    0.05 sec
      Start 68: nag-20130818-run
68/70 Test #68: nag-20130818-run .................   Passed    0.00 sec
      Start 69: nag-20121111-obj
69/70 Test #69: nag-20121111-obj .................   Passed    0.05 sec
      Start 70: nag-20121007-obj
70/70 Test #70: nag-20121007-obj .................   Passed    0.04 sec

94% tests passed, 4 tests failed out of 70

Label Time Summary:
SR100256    =   0.14 sec*proc (3 tests)
SR100272    =   0.04 sec*proc (1 test)
SR101681    =   0.00 sec*proc (1 test)
SR101836    =   0.00 sec*proc (1 test)
SR103029    =   0.05 sec*proc (1 test)
SR103454    =   0.00 sec*proc (2 tests)
SR103620    =   0.05 sec*proc (1 test)
SR104042    =   0.11 sec*proc (2 tests)
SR104066    =   0.00 sec*proc (2 tests)
SR104737    =   0.00 sec*proc (1 test)
SR104818    =   0.05 sec*proc (1 test)
SR108297    =   0.05 sec*proc (1 test)
SR108353    =   0.05 sec*proc (1 test)
SR108547    =   0.05 sec*proc (1 test)
SR108549    =   0.05 sec*proc (1 test)
SR108695    =   0.00 sec*proc (1 test)
SR108840    =   0.05 sec*proc (1 test)
SR108841    =   0.00 sec*proc (1 test)
SR108842    =   0.00 sec*proc (1 test)
SR109729    =   0.05 sec*proc (1 test)
SR109734    =   0.05 sec*proc (1 test)
SR109818    =   0.05 sec*proc (1 test)
SR109822    =   0.06 sec*proc (2 tests)
SR110428    =   0.05 sec*proc (1 test)
SR110437    =   0.00 sec*proc (1 test)
SR110461    =   0.05 sec*proc (1 test)
SR110467    =   0.00 sec*proc (1 test)
SR111677    =   0.05 sec*proc (1 test)
SR99906     =   0.05 sec*proc (1 test)
SR99908     =   0.05 sec*proc (2 tests)
SR99909     =   0.05 sec*proc (2 tests)
SR99910     =   0.05 sec*proc (1 test)
SR99921     =   0.09 sec*proc (2 tests)
SR99982     =   0.00 sec*proc (1 test)
nag-bug     =   2.47 sec*proc (70 tests)

Total Test time (real) =   2.49 sec

The following tests FAILED:
	 26 - nag-20190826b-obj (Failed)
	 42 - nag-20180204a-obj (Failed)
	 44 - nag-20180203e-obj (Failed)
	 45 - nag-20180203c-obj (Failed)
