Test project /home/nnc/Fortran/fortran-compiler-tests/nag-bugs/build
      Start  1: nag-20230426-obj
 1/58 Test  #1: nag-20230426-obj .................   Passed    0.11 sec
      Start  2: nag-20230426b-obj
 2/58 Test  #2: nag-20230426b-obj ................   Passed    0.11 sec
      Start  3: nag-20220421-run
 3/58 Test  #3: nag-20220421-run .................   Passed    0.00 sec
      Start  4: nag-20220312-obj
 4/58 Test  #4: nag-20220312-obj .................   Passed    0.11 sec
      Start  5: nag-20220127-obj
 5/58 Test  #5: nag-20220127-obj .................   Passed    0.11 sec
      Start  6: nag-20220117-obj
 6/58 Test  #6: nag-20220117-obj .................   Passed    0.11 sec
      Start  7: nag-20220104-obj
 7/58 Test  #7: nag-20220104-obj .................   Passed    0.11 sec
      Start  8: nag-20220103-obj
 8/58 Test  #8: nag-20220103-obj .................   Passed    0.11 sec
      Start  9: nag-20200124-obj
 9/58 Test  #9: nag-20200124-obj .................   Passed    0.11 sec
      Start 10: nag-20200110-run
10/58 Test #10: nag-20200110-run .................   Passed    0.00 sec
      Start 11: nag-20190906-run
11/58 Test #11: nag-20190906-run .................   Passed    0.00 sec
      Start 12: nag-20190831-run
12/58 Test #12: nag-20190831-run .................   Passed    0.00 sec
      Start 13: nag-20190826a-obj
13/58 Test #13: nag-20190826a-obj ................   Passed    0.10 sec
      Start 14: nag-20190826b-obj
14/58 Test #14: nag-20190826b-obj ................***Failed    0.14 sec
      Start 15: nag-20190608-obj
15/58 Test #15: nag-20190608-obj .................   Passed    0.11 sec
      Start 16: nag-20190507-run
16/58 Test #16: nag-20190507-run .................   Passed    0.00 sec
      Start 17: nag-20190506-run
17/58 Test #17: nag-20190506-run .................   Passed    0.00 sec
      Start 18: nag-20190302-obj
18/58 Test #18: nag-20190302-obj .................   Passed    0.11 sec
      Start 19: nag-20180819-run
19/58 Test #19: nag-20180819-run .................   Passed    0.00 sec
      Start 20: nag-20180731-run
20/58 Test #20: nag-20180731-run .................   Passed    0.00 sec
      Start 21: nag-20180323-obj
21/58 Test #21: nag-20180323-obj .................   Passed    0.11 sec
      Start 22: nag-20180219-run
22/58 Test #22: nag-20180219-run .................   Passed    0.00 sec
      Start 23: nag-20180205c-obj
23/58 Test #23: nag-20180205c-obj ................   Passed    0.11 sec
      Start 24: nag-20180205b-obj
24/58 Test #24: nag-20180205b-obj ................   Passed    0.11 sec
      Start 25: nag-20180205a-obj
25/58 Test #25: nag-20180205a-obj ................   Passed    0.11 sec
      Start 26: nag-20180204e-obj
26/58 Test #26: nag-20180204e-obj ................   Passed    0.11 sec
      Start 27: nag-20180204d-obj
27/58 Test #27: nag-20180204d-obj ................   Passed    0.11 sec
      Start 28: nag-20180204c-obj
28/58 Test #28: nag-20180204c-obj ................   Passed    0.11 sec
      Start 29: nag-20180204b-obj
29/58 Test #29: nag-20180204b-obj ................   Passed    0.11 sec
      Start 30: nag-20180204a-obj
30/58 Test #30: nag-20180204a-obj ................***Failed    0.11 sec
      Start 31: nag-20180203f-obj
31/58 Test #31: nag-20180203f-obj ................   Passed    0.11 sec
      Start 32: nag-20180203e-obj
32/58 Test #32: nag-20180203e-obj ................***Failed    0.10 sec
      Start 33: nag-20180203c-obj
33/58 Test #33: nag-20180203c-obj ................***Failed    0.11 sec
      Start 34: nag-20180203b-obj
34/58 Test #34: nag-20180203b-obj ................   Passed    0.11 sec
      Start 35: nag-20180203a-obj
35/58 Test #35: nag-20180203a-obj ................   Passed    0.11 sec
      Start 36: nag-20180202c-obj
36/58 Test #36: nag-20180202c-obj ................   Passed    0.11 sec
      Start 37: nag-20180202b-exe
37/58 Test #37: nag-20180202b-exe ................   Passed    0.11 sec
      Start 38: nag-20180202b-run
38/58 Test #38: nag-20180202b-run ................   Passed    0.01 sec
      Start 39: nag-20180202a-exe
39/58 Test #39: nag-20180202a-exe ................   Passed    0.11 sec
      Start 40: nag-20180202a-run
40/58 Test #40: nag-20180202a-run ................   Passed    0.01 sec
      Start 41: nag-20180201-obj
41/58 Test #41: nag-20180201-obj .................   Passed    0.11 sec
      Start 42: nag-20171110-obj
42/58 Test #42: nag-20171110-obj .................   Passed    0.11 sec
      Start 43: nag-20171027-obj
43/58 Test #43: nag-20171027-obj .................   Passed    0.11 sec
      Start 44: nag-20170805a-obj
44/58 Test #44: nag-20170805a-obj ................   Passed    0.11 sec
      Start 45: nag-20170805b-obj
45/58 Test #45: nag-20170805b-obj ................   Passed    0.11 sec
      Start 46: nag-20160321-obj
46/58 Test #46: nag-20160321-obj .................   Passed    0.11 sec
      Start 47: nag-20160129-obj
47/58 Test #47: nag-20160129-obj .................   Passed    0.11 sec
      Start 48: nag-20150528-run
48/58 Test #48: nag-20150528-run .................   Passed    0.00 sec
      Start 49: nag-20150520-obj
49/58 Test #49: nag-20150520-obj .................   Passed    0.11 sec
      Start 50: nag-20150321-obj
50/58 Test #50: nag-20150321-obj .................   Passed    0.11 sec
      Start 51: nag-20140617-run
51/58 Test #51: nag-20140617-run .................   Passed    0.00 sec
      Start 52: nag-20140616-obj
52/58 Test #52: nag-20140616-obj .................   Passed    0.11 sec
      Start 53: nag-20140417-obj
53/58 Test #53: nag-20140417-obj .................   Passed    0.11 sec
      Start 54: nag-20140108-obj
54/58 Test #54: nag-20140108-obj .................   Passed    0.11 sec
      Start 55: nag-20131204-obj
55/58 Test #55: nag-20131204-obj .................   Passed    0.11 sec
      Start 56: nag-20130818-run
56/58 Test #56: nag-20130818-run .................   Passed    0.00 sec
      Start 57: nag-20121111-obj
57/58 Test #57: nag-20121111-obj .................   Passed    0.11 sec
      Start 58: nag-20121007-obj
58/58 Test #58: nag-20121007-obj .................   Passed    0.10 sec

93% tests passed, 4 tests failed out of 58

Label Time Summary:
SR100256    =   0.33 sec*proc (3 tests)
SR100272    =   0.11 sec*proc (1 test)
SR101681    =   0.00 sec*proc (1 test)
SR101836    =   0.00 sec*proc (1 test)
SR103029    =   0.11 sec*proc (1 test)
SR103454    =   0.00 sec*proc (2 tests)
SR103620    =   0.11 sec*proc (1 test)
SR104042    =   0.25 sec*proc (2 tests)
SR104066    =   0.00 sec*proc (2 tests)
SR104737    =   0.00 sec*proc (1 test)
SR104818    =   0.11 sec*proc (1 test)
SR108297    =   0.11 sec*proc (1 test)
SR108353    =   0.11 sec*proc (1 test)
SR108547    =   0.11 sec*proc (1 test)
SR108549    =   0.11 sec*proc (1 test)
SR108695    =   0.00 sec*proc (1 test)
SR109729    =   0.11 sec*proc (1 test)
SR109734    =   0.11 sec*proc (1 test)
SR99906     =   0.11 sec*proc (1 test)
SR99908     =   0.13 sec*proc (2 tests)
SR99909     =   0.13 sec*proc (2 tests)
SR99910     =   0.11 sec*proc (1 test)
SR99921     =   0.22 sec*proc (2 tests)
SR99982     =   0.00 sec*proc (1 test)
nag-bug     =   4.91 sec*proc (58 tests)

Total Test time (real) =   4.93 sec

The following tests FAILED:
	 14 - nag-20190826b-obj (Failed)
	 30 - nag-20180204a-obj (Failed)
	 32 - nag-20180203e-obj (Failed)
	 33 - nag-20180203c-obj (Failed)
