Test project /home/nnc/Fortran/fortran-compiler-tests/nag-bugs/build
      Start  1: nag-20200110-run
 1/49 Test  #1: nag-20200110-run .................   Passed    0.00 sec
      Start  2: nag-20190906-run
 2/49 Test  #2: nag-20190906-run .................   Passed    0.00 sec
      Start  3: nag-20190831-run
 3/49 Test  #3: nag-20190831-run .................   Passed    0.00 sec
      Start  4: nag-20190826a-obj
 4/49 Test  #4: nag-20190826a-obj ................   Passed    0.12 sec
      Start  5: nag-20190826b-obj
 5/49 Test  #5: nag-20190826b-obj ................***Failed    0.08 sec
      Start  6: nag-20190608-obj
 6/49 Test  #6: nag-20190608-obj .................   Passed    0.11 sec
      Start  7: nag-20190507-run
 7/49 Test  #7: nag-20190507-run .................   Passed    0.00 sec
      Start  8: nag-20190506-run
 8/49 Test  #8: nag-20190506-run .................   Passed    0.00 sec
      Start  9: nag-20190302-obj
 9/49 Test  #9: nag-20190302-obj .................   Passed    0.11 sec
      Start 10: nag-20180819-run
10/49 Test #10: nag-20180819-run .................   Passed    0.00 sec
      Start 11: nag-20180731-run
11/49 Test #11: nag-20180731-run .................   Passed    0.00 sec
      Start 12: nag-20180323-obj
12/49 Test #12: nag-20180323-obj .................   Passed    0.30 sec
      Start 13: nag-20180219-run
13/49 Test #13: nag-20180219-run .................   Passed    0.00 sec
      Start 14: nag-20180205c-obj
14/49 Test #14: nag-20180205c-obj ................   Passed    0.10 sec
      Start 15: nag-20180205b-obj
15/49 Test #15: nag-20180205b-obj ................   Passed    0.11 sec
      Start 16: nag-20180205a-obj
16/49 Test #16: nag-20180205a-obj ................   Passed    0.11 sec
      Start 17: nag-20180204e-obj
17/49 Test #17: nag-20180204e-obj ................   Passed    0.12 sec
      Start 18: nag-20180204d-obj
18/49 Test #18: nag-20180204d-obj ................   Passed    0.12 sec
      Start 19: nag-20180204c-obj
19/49 Test #19: nag-20180204c-obj ................   Passed    0.12 sec
      Start 20: nag-20180204b-obj
20/49 Test #20: nag-20180204b-obj ................   Passed    0.11 sec
      Start 21: nag-20180204a-obj
21/49 Test #21: nag-20180204a-obj ................***Failed    0.07 sec
      Start 22: nag-20180203f-obj
22/49 Test #22: nag-20180203f-obj ................   Passed    0.11 sec
      Start 23: nag-20180203e-obj
23/49 Test #23: nag-20180203e-obj ................***Failed    0.06 sec
      Start 24: nag-20180203c-obj
24/49 Test #24: nag-20180203c-obj ................***Failed    0.07 sec
      Start 25: nag-20180203b-obj
25/49 Test #25: nag-20180203b-obj ................   Passed    0.12 sec
      Start 26: nag-20180203a-obj
26/49 Test #26: nag-20180203a-obj ................   Passed    0.11 sec
      Start 27: nag-20180202c-obj
27/49 Test #27: nag-20180202c-obj ................   Passed    0.12 sec
      Start 28: nag-20180202b-exe
28/49 Test #28: nag-20180202b-exe ................   Passed    0.14 sec
      Start 29: nag-20180202b-run
29/49 Test #29: nag-20180202b-run ................   Passed    0.01 sec
      Start 30: nag-20180202a-exe
30/49 Test #30: nag-20180202a-exe ................   Passed    0.15 sec
      Start 31: nag-20180202a-run
31/49 Test #31: nag-20180202a-run ................   Passed    0.01 sec
      Start 32: nag-20180201-obj
32/49 Test #32: nag-20180201-obj .................   Passed    0.30 sec
      Start 33: nag-20171110-obj
33/49 Test #33: nag-20171110-obj .................   Passed    0.39 sec
      Start 34: nag-20171027-obj
34/49 Test #34: nag-20171027-obj .................   Passed    0.11 sec
      Start 35: nag-20170805a-obj
35/49 Test #35: nag-20170805a-obj ................   Passed    0.11 sec
      Start 36: nag-20170805b-obj
36/49 Test #36: nag-20170805b-obj ................   Passed    0.13 sec
      Start 37: nag-20160321-obj
37/49 Test #37: nag-20160321-obj .................   Passed    0.12 sec
      Start 38: nag-20160129-obj
38/49 Test #38: nag-20160129-obj .................   Passed    0.16 sec
      Start 39: nag-20150528-run
39/49 Test #39: nag-20150528-run .................   Passed    0.00 sec
      Start 40: nag-20150520-obj
40/49 Test #40: nag-20150520-obj .................   Passed    0.15 sec
      Start 41: nag-20150321-obj
41/49 Test #41: nag-20150321-obj .................   Passed    0.14 sec
      Start 42: nag-20140617-run
42/49 Test #42: nag-20140617-run .................   Passed    0.00 sec
      Start 43: nag-20140616-obj
43/49 Test #43: nag-20140616-obj .................   Passed    0.10 sec
      Start 44: nag-20140417-obj
44/49 Test #44: nag-20140417-obj .................   Passed    0.22 sec
      Start 45: nag-20140108-obj
45/49 Test #45: nag-20140108-obj .................   Passed    0.12 sec
      Start 46: nag-20131204-obj
46/49 Test #46: nag-20131204-obj .................   Passed    0.12 sec
      Start 47: nag-20130818-run
47/49 Test #47: nag-20130818-run .................   Passed    0.00 sec
      Start 48: nag-20121111-obj
48/49 Test #48: nag-20121111-obj .................   Passed    0.12 sec
      Start 49: nag-20121007-obj
49/49 Test #49: nag-20121007-obj .................   Passed    0.07 sec

92% tests passed, 4 tests failed out of 49

Label Time Summary:
SR100256    =   0.32 sec*proc (3 tests)
SR100272    =   0.30 sec*proc (1 test)
SR101681    =   0.00 sec*proc (1 test)
SR101836    =   0.00 sec*proc (1 test)
SR103029    =   0.11 sec*proc (1 test)
SR103454    =   0.00 sec*proc (2 tests)
SR103620    =   0.11 sec*proc (1 test)
SR104042    =   0.20 sec*proc (2 tests)
SR104066    =   0.00 sec*proc (2 tests)
SR99906     =   0.30 sec*proc (1 test)
SR99908     =   0.16 sec*proc (2 tests)
SR99909     =   0.15 sec*proc (2 tests)
SR99910     =   0.12 sec*proc (1 test)
SR99921     =   0.23 sec*proc (2 tests)
SR99982     =   0.00 sec*proc (1 test)
nag-bug     =   4.85 sec*proc (49 tests)

Total Test time (real) =   4.87 sec

The following tests FAILED:
	  5 - nag-20190826b-obj (Failed)
	 21 - nag-20180204a-obj (Failed)
	 23 - nag-20180203e-obj (Failed)
	 24 - nag-20180203c-obj (Failed)
