Test project /home/nnc/Fortran/fortran-compiler-tests/intel-bugs/build
      Start  1: intel-20231130-run
 1/58 Test  #1: intel-20231130-run ...............   Passed    0.00 sec
      Start  2: intel-20231123-exe
 2/58 Test  #2: intel-20231123-exe ...............***Failed    0.19 sec
      Start  3: intel-20231123-run
Failed test dependencies: intel-20231123-exe
 3/58 Test  #3: intel-20231123-run ...............***Not Run   0.00 sec
      Start  4: intel-20231122-obj
 4/58 Test  #4: intel-20231122-obj ...............   Passed    0.14 sec
      Start  5: intel-20230604-exe
 5/58 Test  #5: intel-20230604-exe ...............***Failed    0.31 sec
      Start  6: intel-20230604-run
Failed test dependencies: intel-20230604-exe
 6/58 Test  #6: intel-20230604-run ...............***Not Run   0.00 sec
      Start  7: intel-20230603-exe
 7/58 Test  #7: intel-20230603-exe ...............***Failed    0.16 sec
      Start  8: intel-20230603-run
Failed test dependencies: intel-20230603-exe
 8/58 Test  #8: intel-20230603-run ...............***Not Run   0.00 sec
      Start  9: intel-20220211-run
 9/58 Test  #9: intel-20220211-run ...............   Passed    0.00 sec
      Start 10: intel-20211122-obj
10/58 Test #10: intel-20211122-obj ...............   Passed    0.13 sec
      Start 11: intel-20210619-obj
11/58 Test #11: intel-20210619-obj ...............***Failed    0.16 sec
      Start 12: intel-20200721-obj
12/58 Test #12: intel-20200721-obj ...............   Passed    0.14 sec
      Start 13: intel-20200213-run
13/58 Test #13: intel-20200213-run ...............   Passed    0.00 sec
      Start 14: intel-20200125-run
14/58 Test #14: intel-20200125-run ...............   Passed    0.00 sec
      Start 15: intel-20191229-run
15/58 Test #15: intel-20191229-run ...............   Passed    0.00 sec
      Start 16: intel-20191228-exe
16/58 Test #16: intel-20191228-exe ...............   Passed    0.13 sec
      Start 17: intel-20191228-run
17/58 Test #17: intel-20191228-run ...............   Passed    0.02 sec
      Start 18: intel-20190909-obj
18/58 Test #18: intel-20190909-obj ...............   Passed    0.14 sec
      Start 19: intel-20190903b-obj
19/58 Test #19: intel-20190903b-obj ..............   Passed    0.13 sec
      Start 20: intel-20190903-obj
20/58 Test #20: intel-20190903-obj ...............   Passed    0.14 sec
      Start 21: intel-20190901-obj
21/58 Test #21: intel-20190901-obj ...............   Passed    0.13 sec
      Start 22: intel-20180222-run
22/58 Test #22: intel-20180222-run ...............   Passed    0.00 sec
      Start 23: intel-20180221-run
23/58 Test #23: intel-20180221-run ...............***Failed    0.00 sec
      Start 24: intel-20180117-run
24/58 Test #24: intel-20180117-run ...............   Passed    0.00 sec
      Start 25: intel-20180115-run
25/58 Test #25: intel-20180115-run ...............   Passed    0.00 sec
      Start 26: intel-20171126-exe
26/58 Test #26: intel-20171126-exe ...............   Passed    0.12 sec
      Start 27: intel-20171126-run
27/58 Test #27: intel-20171126-run ...............   Passed    0.02 sec
      Start 28: intel-20171115-obj
28/58 Test #28: intel-20171115-obj ...............   Passed    0.13 sec
      Start 29: intel-20171023-run
29/58 Test #29: intel-20171023-run ...............   Passed    0.00 sec
      Start 30: intel-20171019-run
30/58 Test #30: intel-20171019-run ...............   Passed    0.00 sec
      Start 31: intel-20171018-obj
31/58 Test #31: intel-20171018-obj ...............   Passed    0.14 sec
      Start 32: intel-20150601-run
32/58 Test #32: intel-20150601-run ...............   Passed    0.00 sec
      Start 33: intel-20150531-obj
33/58 Test #33: intel-20150531-obj ...............   Passed    0.14 sec
      Start 34: intel-20141014-run
34/58 Test #34: intel-20141014-run ...............   Passed    0.00 sec
      Start 35: intel-20140618a-run
35/58 Test #35: intel-20140618a-run ..............   Passed    0.00 sec
      Start 36: intel-20140618b-run
36/58 Test #36: intel-20140618b-run ..............   Passed    0.00 sec
      Start 37: intel-20140617-run
37/58 Test #37: intel-20140617-run ...............   Passed    0.00 sec
      Start 38: intel-20140616-run
38/58 Test #38: intel-20140616-run ...............   Passed    0.00 sec
      Start 39: intel-20140610-run
39/58 Test #39: intel-20140610-run ...............   Passed    0.00 sec
      Start 40: intel-20140609-obj
40/58 Test #40: intel-20140609-obj ...............   Passed    0.14 sec
      Start 41: intel-20140424-run
41/58 Test #41: intel-20140424-run ...............   Passed    0.00 sec
      Start 42: intel-20140420-obj
42/58 Test #42: intel-20140420-obj ...............   Passed    0.13 sec
      Start 43: intel-20140109-obj
43/58 Test #43: intel-20140109-obj ...............   Passed    0.14 sec
      Start 44: intel-20131030-run
44/58 Test #44: intel-20131030-run ...............   Passed    0.00 sec
      Start 45: intel-20130802-obj
45/58 Test #45: intel-20130802-obj ...............   Passed    0.14 sec
      Start 46: intel-20130802a-obj
46/58 Test #46: intel-20130802a-obj ..............   Passed    0.13 sec
      Start 47: intel-20130330a-obj
47/58 Test #47: intel-20130330a-obj ..............   Passed    0.14 sec
      Start 48: intel-20130330b-obj
48/58 Test #48: intel-20130330b-obj ..............   Passed    0.14 sec
      Start 49: intel-20121014-run
49/58 Test #49: intel-20121014-run ...............   Passed    0.00 sec
      Start 50: intel-20121013a-run
50/58 Test #50: intel-20121013a-run ..............   Passed    0.00 sec
      Start 51: intel-20121013-obj
51/58 Test #51: intel-20121013-obj ...............   Passed    0.17 sec
      Start 52: intel-20121008-run
52/58 Test #52: intel-20121008-run ...............   Passed    0.00 sec
      Start 53: intel-20121007a-obj
53/58 Test #53: intel-20121007a-obj ..............   Passed    0.14 sec
      Start 54: intel-20121007b-run
54/58 Test #54: intel-20121007b-run ..............   Passed    0.00 sec
      Start 55: intel-20121006-obj
55/58 Test #55: intel-20121006-obj ...............   Passed    0.14 sec
      Start 56: intel-20121006a-obj
56/58 Test #56: intel-20121006a-obj ..............   Passed    0.14 sec
      Start 57: intel-20121006b-obj
57/58 Test #57: intel-20121006b-obj ..............   Passed    0.13 sec
      Start 58: intel-20121001-run
58/58 Test #58: intel-20121001-run ...............   Passed    0.00 sec

86% tests passed, 8 tests failed out of 58

Label Time Summary:
CMPLRLLVM-48333    =   0.16 sec*proc (2 tests)
CMPLRLLVM-48376    =   0.31 sec*proc (2 tests)
CMPLRLLVM-53862    =   0.00 sec*proc (1 test)
CMPLRLLVM-53947    =   0.19 sec*proc (2 tests)
intel-bugs         =   4.23 sec*proc (58 tests)

Total Test time (real) =   4.26 sec

The following tests FAILED:
	  2 - intel-20231123-exe (Failed)
	  3 - intel-20231123-run (Not Run)
	  5 - intel-20230604-exe (Failed)
	  6 - intel-20230604-run (Not Run)
	  7 - intel-20230603-exe (Failed)
	  8 - intel-20230603-run (Not Run)
	 11 - intel-20210619-obj (Failed)
	 23 - intel-20180221-run (Failed)
